
*** tstart() called on alandro
*** at Fri May 21 16:51:03 2021

   => Loading Basis Set <=

    Name: STO-3G
    Role: ORBITAL
    Keyword: BASIS
    atoms 1-6  entry C          line    61 file /home/jsk/anaconda3/envs/tequila-3.7/share/psi4/basis/sto-3g.gbs 
    atoms 7-12 entry H          line    19 file /home/jsk/anaconda3/envs/tequila-3.7/share/psi4/basis/sto-3g.gbs 


         ---------------------------------------------------------
                                   SCF
               by Justin Turney, Rob Parrish, Andy Simmonett
                          and Daniel G. A. Smith
                              RHF Reference
                        1 Threads,    500 MiB Core
         ---------------------------------------------------------

  ==> Geometry <==

    Molecular point group: d2h
    Full point group: D2h

    Geometry (in Angstrom), charge = 0, multiplicity = 1:

       Center              X                  Y                   Z               Mass       
    ------------   -----------------  -----------------  -----------------  -----------------
         C           -0.000000000000     1.408000000000     0.000000000000    12.000000000000
         C            1.219300000000     0.704000000000     0.000000000000    12.000000000000
         C            1.219300000000    -0.704000000000     0.000000000000    12.000000000000
         C            0.000000000000    -1.408000000000     0.000000000000    12.000000000000
         C           -1.219300000000    -0.704000000000     0.000000000000    12.000000000000
         C           -1.219300000000     0.704000000000     0.000000000000    12.000000000000
         H           -0.000000000000     2.498000000000     0.000000000000     1.007825032230
         H            2.163300000000     1.249000000000     0.000000000000     1.007825032230
         H            2.163300000000    -1.249000000000     0.000000000000     1.007825032230
         H            0.000000000000    -2.498000000000     0.000000000000     1.007825032230
         H           -2.163300000000    -1.249000000000     0.000000000000     1.007825032230
         H           -2.163300000000     1.249000000000     0.000000000000     1.007825032230

  Running in d2h symmetry.

  Rotational constants: A =      0.18684  B =      0.18682  C =      0.09341 [cm^-1]
  Rotational constants: A =   5601.18322  B =   5600.68582  C =   2800.46725 [MHz]
  Nuclear repulsion =  201.711329910478241

  Charge       = 0
  Multiplicity = 1
  Electrons    = 42
  Nalpha       = 21
  Nbeta        = 21

  ==> Algorithm <==

  SCF Algorithm Type is DF.
  DIIS enabled.
  MOM disabled.
  Fractional occupation disabled.
  Guess Type is SAD.
  Energy threshold   = 1.00e-06
  Density threshold  = 1.00e-06
  Integral threshold = 0.00e+00

  ==> Primary Basis <==

  Basis Set: STO-3G
    Blend: STO-3G
    Number of shells: 24
    Number of basis function: 36
    Number of Cartesian functions: 36
    Spherical Harmonics?: true
    Max angular momentum: 1

   => Loading Basis Set <=

    Name: (STO-3G AUX)
    Role: JKFIT
    Keyword: DF_BASIS_SCF
    atoms 1-6  entry C          line   203 file /home/jsk/anaconda3/envs/tequila-3.7/share/psi4/basis/def2-svp-jkfit.gbs 
    atoms 7-12 entry H          line    23 file /home/jsk/anaconda3/envs/tequila-3.7/share/psi4/basis/def2-svp-jkfit.gbs 

  ==> Pre-Iterations <==

   -------------------------------------------------------
    Irrep   Nso     Nmo     Nalpha   Nbeta   Ndocc  Nsocc
   -------------------------------------------------------
     Ag         9       9       0       0       0       0
     B1g        6       6       0       0       0       0
     B2g        1       1       0       0       0       0
     B3g        2       2       0       0       0       0
     Au         1       1       0       0       0       0
     B1u        2       2       0       0       0       0
     B2u        9       9       0       0       0       0
     B3u        6       6       0       0       0       0
   -------------------------------------------------------
    Total      36      36      21      21      21       0
   -------------------------------------------------------

  ==> Integral Setup <==

  DFHelper Memory: AOs need 0.008 GiB; user supplied 0.366 GiB. Using in-core AOs.

  ==> MemDFJK: Density-Fitted J/K Matrices <==

    J tasked:                   Yes
    K tasked:                   Yes
    wK tasked:                   No
    OpenMP threads:               1
    Memory [MiB]:               375
    Algorithm:                 Core
    Schwarz Cutoff:           1E-12
    Mask sparsity (%):       1.3889
    Fitting Condition:        1E-10

   => Auxiliary Basis Set <=

  Basis Set: (STO-3G AUX)
    Blend: DEF2-SVP-JKFIT
    Number of shells: 186
    Number of basis function: 558
    Number of Cartesian functions: 654
    Spherical Harmonics?: true
    Max angular momentum: 4

  Minimum eigenvalue in the overlap matrix is 1.7831540240E-01.
  Using Symmetric Orthogonalization.

  SCF Guess: Superposition of Atomic Densities via on-the-fly atomic UHF.

  ==> Iterations <==

                           Total Energy        Delta E     RMS |[F,P]|

   @DF-RHF iter SAD:  -223.57592553138801   -2.23576e+02   0.00000e+00 
   @DF-RHF iter   1:  -227.88106522319094   -4.30514e+00   6.30650e-03 DIIS
   @DF-RHF iter   2:  -227.88828813896788   -7.22292e-03   1.20045e-03 DIIS
   @DF-RHF iter   3:  -227.88860326517786   -3.15126e-04   1.46980e-04 DIIS
   @DF-RHF iter   4:  -227.88860793006094   -4.66488e-06   1.37987e-05 DIIS
   @DF-RHF iter   5:  -227.88860797142030   -4.13594e-08   7.88137e-07 DIIS
  Energy and wave function converged.


  ==> Post-Iterations <==

    Orbital Energies [Eh]
    ---------------------

    Doubly Occupied:                                                      

       1B2u  -11.029094     1B3u  -11.029093     1Ag   -11.029046  
       2Ag   -11.028804     1B1g  -11.028803     2B2u  -11.028689  
       3Ag    -1.080613     3B2u   -0.948822     2B3u   -0.948794  
       2B1g   -0.762921     4Ag    -0.762915     5Ag    -0.655530  
       4B2u   -0.594665     3B3u   -0.546593     5B2u   -0.530282  
       4B3u   -0.530249     1B1u   -0.448410     6Ag    -0.430953  
       3B1g   -0.430952     1B3g   -0.275286     1B2g   -0.275259  

    Virtual:                                                              

       1Au     0.265504     2B1u    0.265523     2B3g    0.494991  
       7Ag     0.576984     6B2u    0.645270     5B3u    0.645274  
       7B2u    0.705234     4B1g    0.718662     8Ag     0.718719  
       5B1g    0.874172     9Ag     0.874226     8B2u    0.881296  
       6B3u    0.881316     6B1g    1.066693     9B2u    1.128402  

    Final Occupation by Irrep:
             Ag   B1g   B2g   B3g    Au   B1u   B2u   B3u 
    DOCC [     6,    3,    1,    1,    0,    1,    5,    4 ]

  @DF-RHF Final Energy:  -227.88860797142030

   => Energetics <=

    Nuclear Repulsion Energy =            201.7113299104782413
    One-Electron Energy =                -708.4083339239531369
    Two-Electron Energy =                 278.8083960420545964
    Total Energy =                       -227.8886079714202992

Computation Completed


Properties will be evaluated at   0.000000,   0.000000,   0.000000 [a0]

Properties computed using the SCF density matrix

  Nuclear Dipole Moment: [e a0]
     X:    -0.0000      Y:    -0.0000      Z:     0.0000

  Electronic Dipole Moment: [e a0]
     X:     0.0000      Y:     0.0000      Z:     0.0000

  Dipole Moment: [e a0]
     X:    -0.0000      Y:    -0.0000      Z:     0.0000     Total:     0.0000

  Dipole Moment: [D]
     X:    -0.0000      Y:    -0.0000      Z:     0.0000     Total:     0.0000


*** tstop() called on alandro at Fri May 21 16:51:04 2021
Module time:
	user time   =       1.01 seconds =       0.02 minutes
	system time =       0.01 seconds =       0.00 minutes
	total time  =          1 seconds =       0.02 minutes
Total time:
	user time   =      15.75 seconds =       0.26 minutes
	system time =       0.33 seconds =       0.01 minutes
	total time  =        160 seconds =       2.67 minutes
