 MINTS: Wrapper to libmints.
   by Justin Turney

   Calculation information:
      Number of threads:                 1
      Number of atoms:                  12
      Number of AO shells:              24
      Number of SO shells:               8
      Number of primitives:             72
      Number of atomic orbitals:        36
      Number of basis functions:        36

      Number of irreps:                  8
      Integral cutoff                 1.00e-12
      Number of functions per irrep: [   9    6    1    2    1    2    9    6 ]

 OEINTS: Overlap, kinetic, potential, dipole, and quadrupole integrals
         stored in file 35.

      Computing two-electron integrals...done
      Computed 34175 non-zero two-electron integrals.
        Stored in file 33.


         ---------------------------------------------------------
                          Configuration Interaction
                            (a 'D E T C I' module)

                 C. David Sherrill, Daniel G. A. Smith, and
                              Matt L. Leininger
         ---------------------------------------------------------


   ==> Parameters <==

    EX LEVEL       =        2      H0 BLOCKSIZE  =     1000
    VAL EX LEVEL   =        0      H0 GUESS SIZE =     1000
    H0COUPLINGSIZE =        0      H0 COUPLING   =       NO
    MAXITER        =       24      NUM PRINT     =       20
    NUM ROOTS      =        1      ICORE         =        1
    PRINT LVL      =        1      FCI           =       NO
    R CONV         = 1.00e-04      MIXED         =      YES
    E CONV         = 1.00e-06      MIXED4        =      YES
    R4S            =       NO      REPL OTF      =       NO
    DIAG METHOD    =      SEM      FOLLOW ROOT   =        0
    PRECONDITIONER = DAVIDSON      UPDATE        = DAVIDSON
    S              =   0.0000      Ms0           =      YES
    GUESS VECTOR   =  H0BLOCK      OPENTYPE      =     NONE
    COLLAPSE SIZE  =        1      HD AVG        = EVANGELISTI
    MAX NUM VECS   =       25      REF SYM       =     AUTO
    IOPEN        =       NO

    EX ALLOW       =  1  1 
    STATE AVERAGE  =  0(1.00) 

   ==> CI Orbital and Space information <==

    RAS1 LVL      =        2      A RAS3 MAX    =        2
    RAS1 MIN      =        4      B RAS3 MAX    =        2
    A RAS1 LVL    =        2      RAS4 LVL      =        6
    A RAS1 MIN    =        1      A RAS4 MAX    =        0
    A RAS1 MAX    =        3      B RAS4 MAX    =        0
    B RAS1 LVL    =        2      RAS4 MAX      =        0
    B RAS1 MIN    =        1      A RAS34 MAX   =        2
    B RAS1 MAX    =        3      B RAS34 MAX   =        2
    RAS3 LVL      =        3      RAS34 MAX     =        2
    RAS3 MAX      =        2
   ------------------------------------------------------------------------------
               Space    Total    Ag   B1g   B2g   B3g    Au   B1u   B2u   B3u
   ------------------------------------------------------------------------------
                 Nso       36     9     6     1     2     1     2     9     6
                 Nmo       36     9     6     1     2     1     2     9     6
               Ndocc       21     6     3     1     1     0     1     5     4
               Nsocc        0     0     0     0     0     0     0     0     0
   ------------------------------------------------------------------------------
                                   CI Spaces
   ------------------------------------------------------------------------------
        Dropped DOCC       18     6     3     0     0     0     0     5     4
                RAS1        3     0     0     1     1     0     1     0     0
                RAS2        0     0     0     0     0     0     0     0     0
                RAS3        3     0     0     0     1     1     1     0     0
                RAS4        0     0     0     0     0     0     0     0     0
      Active (total)        6     0     0     1     2     1     2     0     0
        Dropped UOCC       12     3     3     0     0     0     0     4     2
   ------------------------------------------------------------------------------

   ==> Setting up CI strings <==

    There are 19 alpha and 19 beta strings
    The CI space requires 32 (3.20E+01) determinants and 9 blocks

   ==> Transforming CI integrals <==

	Presorting SO-basis two-electron integrals.
	Sorting File: SO Ints (nn|nn) nbuckets = 1
	Transforming the one-electron integrals and constructing Fock matrices
	Starting first half-transformation.
	Sorting half-transformed integrals.
	First half integral transformation complete.
	Starting second half-transformation.
	Two-electron integral transformation complete.

   ==> Starting CI iterations <==

    H0 Block Eigenvalue = -227.98666156

    Simultaneous Expansion Method (Block Davidson Method)
    Using 1 initial trial vectors

     Iter   Root       Total Energy       Delta E      C RMS

   @CI  0:     0   -227.986661558756   -6.3833E+00   2.9201E-13  
    Warning: Norm of correction (root 0) is < 1.0E-13
   @CI  1:     0   -227.986661558756   -8.8818E-16   1.3250E-13 c

   ==> Energetics <==

    SCF energy =         -227.888607971420299
    Total CI energy =    -227.986661558756253

   ==> DETCI root 0 information <==

    DETCI Root 0 energy =  -227.986661558756253

   The 20 most important determinants:

    *   1   -0.930917  (    4,    4)  1B2gX 1B3gX 1B1uX 
    *   2    0.163165  (   15,   15)  1B3gX 1B1uX 1AuX 
    *   3    0.163133  (   16,   16)  1B2gX 1B1uX 2B1uX 
    *   4    0.104525  (   10,   11)  1B2gA 1B3gB 1B1uX 1AuA 2B1uB 
    *   5    0.104525  (   11,   10)  1B2gB 1B3gA 1B1uX 1AuB 2B1uA 
    *   6   -0.074937  (    0,    1)  1B2gB 1B3gX 1B1uA 2B3gA 1AuB 
    *   7   -0.074937  (    1,    0)  1B2gA 1B3gX 1B1uB 2B3gB 1AuA 
    *   8   -0.074933  (    5,    6)  1B2gX 1B3gB 1B1uA 2B3gA 2B1uB 
    *   9   -0.074933  (    6,    5)  1B2gX 1B3gA 1B1uB 2B3gB 2B1uA 
    *  10    0.073902  (    4,    9)  1B2gA 1B3gA 1B1uX 1AuB 2B1uB 
    *  11    0.073902  (    9,    4)  1B2gB 1B3gB 1B1uX 1AuA 2B1uA 
    *  12   -0.052500  (   14,   16)  1B2gX 1B3gA 1B1uB 2B3gA 2B1uB 
    *  13   -0.052500  (   16,   14)  1B2gX 1B3gB 1B1uA 2B3gB 2B1uA 
    *  14   -0.052500  (   14,   15)  1B2gA 1B3gX 1B1uB 2B3gA 1AuB 
    *  15   -0.052500  (   15,   14)  1B2gB 1B3gX 1B1uA 2B3gB 1AuA 
    *  16    0.050194  (   14,   14)  1B2gX 1B3gX 2B3gX 
    *  17    0.040460  (    6,    6)  1B2gX 1B3gX 2B1uX 
    *  18    0.040456  (    1,    1)  1B2gX 1B3gX 1AuX 
    *  19    0.036380  (    5,    5)  1B2gX 1B1uX 2B3gX 
    *  20    0.036377  (    0,    0)  1B3gX 1B1uX 2B3gX 

		 "A good bug is a dead bug" 

			 - Starship Troopers

		 "I didn't write FORTRAN.  That's the problem."

			 - Edward Valeev
