    SCF Algorithm Type (re)set to DF.

*** tstart() called on alandro
*** at Fri May 21 16:51:05 2021


  //>>>>>>>>>>>>>>>>>>>>>>>>>>>>>>>>>>>//
  //               DFMP2               //
  //<<<<<<<<<<<<<<<<<<<<<<<<<<<<<<<<<<<//

   => Loading Basis Set <=

    Name: (STO-3G AUX)
    Role: RIFIT
    Keyword: DF_BASIS_MP2
    atoms 1-6  entry C          line   270 file /home/jsk/anaconda3/envs/tequila-3.7/share/psi4/basis/def2-qzvpp-ri.gbs 
    atoms 7-12 entry H          line    24 file /home/jsk/anaconda3/envs/tequila-3.7/share/psi4/basis/def2-qzvpp-ri.gbs 

	 --------------------------------------------------------
	                          DF-MP2                         
	      2nd-Order Density-Fitted Moller-Plesset Theory     
	              RMP2 Wavefunction,   1 Threads             
	                                                         
	        Rob Parrish, Justin Turney, Andy Simmonett,      
	           Ed Hohenstein, and C. David Sherrill          
	 --------------------------------------------------------

   => Auxiliary Basis Set <=

  Basis Set: (STO-3G AUX)
    Blend: DEF2-QZVPP-RI
    Number of shells: 294
    Number of basis function: 1182
    Number of Cartesian functions: 1572
    Spherical Harmonics?: true
    Max angular momentum: 5

	 --------------------------------------------------------
	                 NBF =    36, NAUX =  1182
	 --------------------------------------------------------
	   CLASS    FOCC     OCC    AOCC    AVIR     VIR    FVIR
	   PAIRS      18      21       3       3      15      12
	 --------------------------------------------------------

	-----------------------------------------------------------
	 ==================> DF-MP2 Energies <==================== 
	-----------------------------------------------------------
	 Reference Energy          =    -227.8886079714202992 [Eh]
	 Singles Energy            =      -0.0000000000000000 [Eh]
	 Same-Spin Energy          =      -0.0076526504643244 [Eh]
	 Opposite-Spin Energy      =      -0.0512362046245297 [Eh]
	 Correlation Energy        =      -0.0588888550888540 [Eh]
	 Total Energy              =    -227.9474968265091661 [Eh]
	-----------------------------------------------------------
	 ================> DF-SCS-MP2 Energies <================== 
	-----------------------------------------------------------
	 SCS Same-Spin Scale       =       0.3333333333333333 [-]
	 SCS Opposite-Spin Scale   =       1.2000000000000000 [-]
	 SCS Same-Spin Energy      =      -0.0025508834881081 [Eh]
	 SCS Opposite-Spin Energy  =      -0.0614834455494356 [Eh]
	 SCS Correlation Energy    =      -0.0640343290375437 [Eh]
	 SCS Total Energy          =    -227.9526423004578533 [Eh]
	-----------------------------------------------------------


*** tstop() called on alandro at Fri May 21 16:51:06 2021
Module time:
	user time   =       1.02 seconds =       0.02 minutes
	system time =       0.01 seconds =       0.00 minutes
	total time  =          1 seconds =       0.02 minutes
Total time:
	user time   =      17.35 seconds =       0.29 minutes
	system time =       0.34 seconds =       0.01 minutes
	total time  =        162 seconds =       2.70 minutes
