MADNESS runtime initialized with 7 threads in the pool and affinity -1 -1 -1
starting at time 0.1

--------------------------------------------
   MADNESS 0.10.1 multiresolution suite
--------------------------------------------

   number of processors ... 1
    processor frequency ... 1.799892e+09
            host system ... Linux
          configured by ... jsk
          configured on ... alandro
          configured at ... 2020-11-12T18:06:49
                    CXX ... /usr/bin/c++
               CXXFLAGS ... -O3 -DNDEBUG -march=native -I/home/jsk/install/numcpp/include/ -I/home/jsk/install/boost/boost_1_69_0/include -std=c++17
             tuning for ... default
                    MPI ... multiple
 multi-threaded runtime ... MADNESS ThreadPool
                   BLAS ... Intel MKL 24654 24654 MFLOP/s
               compiled ... 18:11:36  on  Nov 12 2020


-------------------------------------------------------------------------------------
SOLVING MRA-PNO-F12 as described in 
J.S. Kottmann, F.A. Bischoff, E.F. Valeev
Direct determination of optimal pair-natural orbitals in a real-space representation:
the second-order Møller-Plesset energy
Journal of Chemical Physics ... 2020
-------------------------------------------------------------------------------------


This script will run PNO-MP2 and print out tensors in binary
Call as: pno_integrals inputfileinput is input
ignoring unknown parameter in input file:  ncf

Angstrom being used to read input coordinates (1 Bohr = 1.88972613 Angstrom)


Asymptotic correction parameters
---------------------------------------
Atom vector is not empty: false
Using multipole approximation: false
Number of electrons = -1
Ionisation energy = 0.000000e+00
E(HOMO) = 0.000000e+00
R1 = 3.000000e+00
R2 = 4.000000e+00
DFT coefficient = 0.000000e+00
Interpolation scheme = linear
constructed symmetry operator for point group C1
dft
              charge  0.0000e+00 # defined   total molecular charge
                  xc  hf         # defined   XC input line
               smear  0.0000e+00 # default   smearing parameter
               econv  1.0000e-04 # defined   energy convergence
               dconv  5.0000e-04 # defined   density convergence
convergence_criteria  [bsh_residual, total_energy] # default   possible values are: bsh_residual, total_energy, each_energy, density
                   k  7          # defined   polynomial order
                   l  5.0661e+01 # derived   user coordinates box size
               deriv  abgv       # default   derivative method                            [abgv, bspline, ble]
           dft_deriv  abgv       # default   derivative method for gga potentials         [abgv, bspline, ble]
             maxrotn  2.5000e-01 # default   step restriction used in autoshift algorithm
             nvalpha  0          # default   number of alpha virtuals to compute
              nvbeta  0          # default   number of beta virtuals to compute
               nopen  0          # default   number of unpaired electrons = nalpha-nbeta
             maxiter  25         # default   maximum number of iterations
                 nio  1          # default   no. of io servers to use
     spin_restricted  true       # default   true if spin restricted
              plotlo  0          # default   range of MOs to print (for both spins if polarized
              plothi  -1         # default   range of MOs to print (for both spins if polarized
            plotdens  false      # default   If true print the density at convergence
            plotcoul  false      # default   If true plot the total coulomb potential at convergence
            localize  boys       # defined   localization method                          [pm, boys, new, canon]
          pointgroup  c1         # derived   use point (sub) group symmetry if not localized[c1, c2, ci, cs, c2v, c2h, d2, d2h]
             restart  false      # default   if true restart from orbitals on disk
           restartao  false      # default   if true restart from orbitals projected into AO basis (STO3G) on disk
          no_compute  false      # default   if true use orbitals on disk, set value to computed
           no_orient  false      # default   if true the molecule coordinates will not be reoriented
                save  true       # default   if true save orbitals to disk
              maxsub  10         # default   size of iterative subspace ... set to 0 or 1 to disable
        orbitalshift  0.0000e+00 # default   scf orbital shift: shift the occ orbitals to lower energies
            npt_plot  101        # default   no. of points to use in each dim for plots
           plot_cell  []         # default   lo hi in each dimension for plotting (default is all space)
             aobasis  6-31g      # derived   AO basis used for initial guess (6-31g or sto-3g)
           core_type  none       # default   core potential type                          [none, mpc]
         derivatives  false      # default   if true calculate nuclear derivatives
              dipole  false      # default   if true calculate dipole moment
      conv_only_dens  false      # default   if true remove bsh_residual from convergence criteria (deprecated)
            psp_calc  false      # default   pseudopotential calculation for all atoms
 print_dipole_matels  false      # default   if true output dipole matrix elements
            pcm_data  none       # default   do a PCM (solvent) calculation
             ac_data  none       # default   do a calculation with asymptotic correction (see ACParameters class in chem/AC.h for details)
             pure_ae  true       # default   pure all electron calculation with no pseudo-atoms
         print_level  3          # default   0: no output; 1: final energy; 2: iterations; 3: timings; 10: debug
              nalpha  1          # derived   number of alpha spin electrons
               nbeta  1          # derived   number of beta  spin electrons
           nmo_alpha  1          # derived   number of alpha spin molecular orbitals
            nmo_beta  1          # derived   number of beta spin molecular orbitals
                  lo  9.1626e-03 # derived   smallest length scale we need to resolve
            protocol  [1.0000e-04, 1.0000e-06] # derived   calculation protocol
                gopt  false      # default   geometry optimizer
                gtol  1.0000e-04 # default   geometry tolerance
               gtest  false      # default   geometry tolerance
                gval  1.0000e-05 # default   value precision
               gprec  1.0000e-04 # default   gradient precision
            gmaxiter  20         # default   optimization maxiter
    ginitial_hessian  false      # default   compute inital hessian for optimization
              algopt  bfgs       # default   algorithm used for optimization              [bfgs, cg]
            tdksprop  false      # default   time-dependent Kohn-Sham equation propagate
           nv_factor  1          # default   factor to multiply number of virtual orbitals with when automatically decreasing nvirt
           vnucextra  2          # default   load balance parameter for nuclear pot
        loadbalparts  2          # default   ??
            response  false      # default   response function calculation
       response_freq  0.0000e+00 # default   frequency for calculation response function
       response_axis  [1, 1, 1]  # default   response axis
           nonrotate  false      # default   if true do not molcule orient (redundant with no_orient
               rconv  1.0000e-06 # default   Response convergence
              efield  0.0000e+00 # default   eps for finite field
         efield_axis  0          # default   finite field axis                            [0, 1, 2]
              nwfile  none       # default   Base name of nwchem output files (.out and .movecs extensions) to read from
                 ncf  (none,1.0000e+00) # defined   nuclear correlation factor
             hessian  false      # default   compute the hessian matrix
           read_cphf  false      # default   read the converged orbital response for nuclear displacements from file
        restart_cphf  false      # default   read the guess orbital response for nuclear displacements from file
      purify_hessian  false      # default   symmetrize the hessian matrix based on atomic charges

end
              charge  0.0000e+00 # defined   total molecular charge
                  xc  hf         # defined   XC input line
               smear  0.0000e+00 # default   smearing parameter
               econv  1.0000e-04 # defined   energy convergence
               dconv  5.0000e-04 # defined   density convergence
convergence_criteria  [bsh_residual, total_energy] # default   possible values are: bsh_residual, total_energy, each_energy, density
                   k  7          # defined   polynomial order
                   l  5.0661e+01 # derived   user coordinates box size
               deriv  abgv       # default   derivative method                            [abgv, bspline, ble]
           dft_deriv  abgv       # default   derivative method for gga potentials         [abgv, bspline, ble]
             maxrotn  2.5000e-01 # default   step restriction used in autoshift algorithm
             nvalpha  0          # default   number of alpha virtuals to compute
              nvbeta  0          # default   number of beta virtuals to compute
               nopen  0          # default   number of unpaired electrons = nalpha-nbeta
             maxiter  25         # default   maximum number of iterations
                 nio  1          # default   no. of io servers to use
     spin_restricted  true       # default   true if spin restricted
              plotlo  0          # default   range of MOs to print (for both spins if polarized
              plothi  -1         # default   range of MOs to print (for both spins if polarized
            plotdens  false      # default   If true print the density at convergence
            plotcoul  false      # default   If true plot the total coulomb potential at convergence
            localize  boys       # defined   localization method                          [pm, boys, new, canon]
          pointgroup  c1         # derived   use point (sub) group symmetry if not localized[c1, c2, ci, cs, c2v, c2h, d2, d2h]
             restart  false      # default   if true restart from orbitals on disk
           restartao  false      # default   if true restart from orbitals projected into AO basis (STO3G) on disk
          no_compute  false      # default   if true use orbitals on disk, set value to computed
           no_orient  false      # default   if true the molecule coordinates will not be reoriented
                save  true       # default   if true save orbitals to disk
              maxsub  10         # default   size of iterative subspace ... set to 0 or 1 to disable
        orbitalshift  0.0000e+00 # default   scf orbital shift: shift the occ orbitals to lower energies
            npt_plot  101        # default   no. of points to use in each dim for plots
           plot_cell  []         # default   lo hi in each dimension for plotting (default is all space)
             aobasis  6-31g      # derived   AO basis used for initial guess (6-31g or sto-3g)
           core_type  none       # default   core potential type                          [none, mpc]
         derivatives  false      # default   if true calculate nuclear derivatives
              dipole  false      # default   if true calculate dipole moment
      conv_only_dens  false      # default   if true remove bsh_residual from convergence criteria (deprecated)
            psp_calc  false      # default   pseudopotential calculation for all atoms
 print_dipole_matels  false      # default   if true output dipole matrix elements
            pcm_data  none       # default   do a PCM (solvent) calculation
             ac_data  none       # default   do a calculation with asymptotic correction (see ACParameters class in chem/AC.h for details)
             pure_ae  true       # default   pure all electron calculation with no pseudo-atoms
         print_level  3          # default   0: no output; 1: final energy; 2: iterations; 3: timings; 10: debug
              nalpha  1          # derived   number of alpha spin electrons
               nbeta  1          # derived   number of beta  spin electrons
           nmo_alpha  1          # derived   number of alpha spin molecular orbitals
            nmo_beta  1          # derived   number of beta spin molecular orbitals
                  lo  9.1626e-03 # derived   smallest length scale we need to resolve
            protocol  [1.0000e-04, 1.0000e-06] # derived   calculation protocol
                gopt  false      # default   geometry optimizer
                gtol  1.0000e-04 # default   geometry tolerance
               gtest  false      # default   geometry tolerance
                gval  1.0000e-05 # default   value precision
               gprec  1.0000e-04 # default   gradient precision
            gmaxiter  20         # default   optimization maxiter
    ginitial_hessian  false      # default   compute inital hessian for optimization
              algopt  bfgs       # default   algorithm used for optimization              [bfgs, cg]
            tdksprop  false      # default   time-dependent Kohn-Sham equation propagate
           nv_factor  1          # default   factor to multiply number of virtual orbitals with when automatically decreasing nvirt
           vnucextra  2          # default   load balance parameter for nuclear pot
        loadbalparts  2          # default   ??
            response  false      # default   response function calculation
       response_freq  0.0000e+00 # default   frequency for calculation response function
       response_axis  [1, 1, 1]  # default   response axis
           nonrotate  false      # default   if true do not molcule orient (redundant with no_orient
               rconv  1.0000e-06 # default   Response convergence
              efield  0.0000e+00 # default   eps for finite field
         efield_axis  0          # default   finite field axis                            [0, 1, 2]
              nwfile  none       # default   Base name of nwchem output files (.out and .movecs extensions) to read from



 geometry
   eprec 1.0e-06
   units atomic
   H             0.00000000           0.00000000          -0.66140415
   H             0.00000000           0.00000000           0.66140415
 end

Solving NDIM= 3  with thresh 1.000000e-04     k 7    conv 5.000000e-04 

timer:     Project vnuclear     0.17s     0.17s
constructed nuclear correlation factor of the form
    R   =  1.000000e+00
with eprec  1.000000e-06
which means it's (nearly) a conventional calculation

timer:        reproject ncf     0.61s     0.61s
timer:        guess density     0.12s     0.12s
timer:   guess Coulomb potn     0.25s     0.25s
timer:       guess lda potn     0.07s     0.07s
timer:        guess overlap     0.02s     0.02s
timer:    KEmat reconstruct     0.01s     0.01s
timer:  KEmat differentiate     0.05s     0.05s
timer:       KEmat compress     0.02s     0.02s
timer: KEmat inner products     0.03s     0.03s
timer:     guess Kinet potn     0.11s     0.11s
timer:           guess fock     0.10s     0.10s
timer:      guess eigen sol     0.00s     0.00s
timer: guess orbital groupi     0.02s     0.02s

starting protocol at time      2.1s 
precision steps  1.000000e-04  -->  1.000000e-04
protocol: thresh 1.000000e-04 econv  1.000000e-04 dconv 5.000000e-04

ending protocol at time      2.1s 

Solving NDIM= 3  with thresh 1.000000e-04     k 7    conv 5.000000e-04 

timer:        Boys localize     0.25s     0.25s
orbital irreps []
timer:      reconstruct psi     0.03s     0.03s
timer:        compute Jnemo     0.22s     0.22s
timer:        compute Knemo     0.20s     0.20s
timer: compute Unemo 0.0029     0.01s     0.01s

  nuclear and kinetic      -2.56862560
         kinetic only       1.25785907
              coulomb       1.37867700
             exchange      -0.68933882
    nuclear-repulsion       0.75596744
   regularized energy      -1.12331998
  buggy if hybrid functionals are used..
timer:       compute energy     0.34s     0.34s
Norm of vector changes ab spin case : rms 3.516576e-02    max 3.516576e-02
convergence: bshresidual, energy change, max energy change, density change 3.9e-02 1.1e+00 7.0e+00 2.2e-01
finished iteration  0 at time      3.7s with energy   -1.12331998
timer:        Boys localize     0.11s     0.11s
orbital irreps []
timer:      reconstruct psi     0.01s     0.01s
timer:        compute Jnemo     0.15s     0.15s
timer:        compute Knemo     0.20s     0.20s
timer: compute Unemo 0.0029     0.01s     0.01s

  nuclear and kinetic      -2.56525301
         kinetic only       1.19088036
              coulomb       1.35421037
             exchange      -0.67710549
    nuclear-repulsion       0.75596744
   regularized energy      -1.13218069
  buggy if hybrid functionals are used..
timer:       compute energy     0.32s     0.32s
Norm of vector changes ab spin case : rms 1.191571e-02    max 1.191571e-02
convergence: bshresidual, energy change, max energy change, density change 9.5e-03 8.9e-03 6.7e-02 4.0e-03
finished iteration  1 at time      4.9s with energy   -1.13218069
timer:        Boys localize     0.13s     0.13s
orbital irreps []
timer:      reconstruct psi     0.01s     0.01s
timer:        compute Jnemo     0.16s     0.16s
timer:        compute Knemo     0.24s     0.24s
timer: compute Unemo 0.0029     0.02s     0.02s

  nuclear and kinetic      -2.56248897
         kinetic only       1.17172096
              coulomb       1.34755481
             exchange      -0.67377771
    nuclear-repulsion       0.75596744
   regularized energy      -1.13274443
  buggy if hybrid functionals are used..
timer:       compute energy     0.32s     0.32s
Norm of vector changes ab spin case : rms 1.030429e-03    max 1.030429e-03
convergence: bshresidual, energy change, max energy change, density change 7.7e-04 5.6e-04 1.9e-02 2.8e-04
finished iteration  2 at time      6.3s with energy   -1.13274443
timer:        Boys localize     0.11s     0.11s
orbital irreps []
timer:      reconstruct psi     0.02s     0.02s
timer:        compute Jnemo     0.18s     0.18s
timer:        compute Knemo     0.21s     0.21s
timer: compute Unemo 0.0029     0.01s     0.01s

  nuclear and kinetic      -2.56226097
         kinetic only       1.17015913
              coulomb       1.34709009
             exchange      -0.67354535
    nuclear-repulsion       0.75596744
   regularized energy      -1.13274878
  buggy if hybrid functionals are used..
timer:       compute energy     0.34s     0.34s
Norm of vector changes ab spin case : rms 8.433680e-05    max 8.433680e-05
convergence: bshresidual, energy change, max energy change, density change 1.2e-04 4.4e-06 1.6e-03 2.8e-05
finished iteration  3 at time      7.6s with energy   -1.13274878

Iterations converged


ending protocol at time      7.6s 

 Dipole Moment (a.u.)
 -----------

     x:  -1.819008e-14
     y:  -2.659236e-14
     z:  -7.367590e-15
 Total Dipole Moment:  3.305017e-14 

timer:               dipole     0.01s     0.01s
Nemo Orbital Energies: [*]  -0.60758574

nemo energy:  -1.132749e+00
 at time 7.7
PNO Integrals evaluated as:
pnoint
       rank_increase  15         # default   maximum rank to increase in every macroiteration
               chunk  100        # default   chunk of functions operated on in parallel when G or K is applied (prevent memory shortage)
               debug  false      # default   debug mode
              freeze  0          # derived   frozen core approximation
             maxrank  1          # defined   maximal pno rank for all pairs
           guesstype  exop       # derived   the guesstype: exop (recommended, multiply polynomial excitation operators onto the occupied orbitals), empty (don't compute a guess), scf (use the ao basis from the SCF solver), partial_wave (create s,p,d ..., type functions and place on atoms), predefined (same as partial_wave but for predefined sets)
                exop  multipole  # derived   this string defines which excitation operators can be used, use 'dipole', 'dipole+', 'quadrupole', 'ocopole', or 'multipole', need to set guesstype to 'exop' which is the default
          exop_trigo  true       # default   use trigonometric excitation operators ( x --> sin(x)
        partial_wave             # default   atom centered partial wave guess of format like 'h-2s1p-o-3s2p1d', need to set guesstype to 'partial_wave' and adaptive_solver to 'none'
          predefined             # default   predefined partial wave guesses of type pvxz with x=d,t,q,5,6, need to set guesstype to 'predefined' and adaptive_solver to 'none'
           maxiter_t  100        # default   maximal number of iterations in the amplitude solver
       maxiter_micro  10         # default   Maximum of iterations for every cycle in the adaptive solver
       maxiter_macro  10         # default   Maximum of iterations of cycles in the adaptive solver
                tpno  1.0000e-08 # default   PNO cutoff threshold
          tpno_tight  1.0000e-10 # derived   PNO cutoff for the first iteration
    canonicalize_pno  true       # default   canonicalize the pnos before the amplitude solver
              thresh  1.0000e-04 # defined   MRA threshold
         econv_micro  1.0000e-04 # derived   Energy convergence for microiterations (Greens function based optimization) in adaptive solver
         econv_pairs  1.0000e-05 # derived   ENergy convergence for individual pairs in adaptive solver. Converged pairs are frozen automatically
         econv_macro  1.0000e-04 # derived   Energy convergence for macroiterations in adaptive solver, no effect if adaptive_solver is deactivated
               dconv  1.0000e-01 # default   convergence of every PNO in the Green's function solver
           op_thresh  1.0000e-06 # default   MRA operator thresh
             restart  none       # derived   restart pairs of this type, use 'mp2', 'cispd', 'all' or 'none'
          no_compute  none       # default   do not compute the pairs of this type, use 'mp2', 'cispd', 'all' or 'none'
              no_opt  none       # default   do not optimize the pnos of this type, use 'mp2', 'cispd', 'all' or 'none'
            no_guess  none       # derived   guess for this type will be empty, use 'mp2', 'cispd', 'all' or 'none'
     adaptive_solver  all        # default   Use adaptive solver for those pairs, use 'mp2', 'cispd', 'all' or 'none', works only in combination with guesstype 'exop'
                kain  true       # default   use KAIN solver in amplitude solver
       kain_subspace  5          # default   subspace size of the KAIN solver (amplitudes)
                 f12  false      # defined   use explicit correlation
        cispd_number  -1         # default   CIS(D) excitation numbers, to read in correct functions
        cispd_energy  0.0000e+00 # default   CIS energy
        freeze_pairs  none       # default   frozen pairs will not be optimized: Expected format 'a b c d' will freeze pairs ab and cd
freeze_pairs_of_orbital  []         # default    All pairs which originate from this orbital will not be optimized
active_pairs_of_orbital  []         # default    All pairs which originate from this orbital will not be frozen all other pairs will, if this vector is not empty
no_opt_in_first_iteration  false      # default   Do not optimize in the first iteration (then the potentials do not have to be evaluated, use this for large guesses)
            exchange  full       # default   approximate exchange with 'neglect' or xc functional -> same syntax as moldft
           save_pnos  true       # default   Save the OBS-PNOs to a file, before and after orthonormalization.
            diagonal  true       # defined   Compute only diagonal PNOs
              orthog  symmetric  # defined   orthogonalization method for PNO basis, also current default for a potential CABS. options: symmetric, canonical, cholesky, rr_cholesky,
         orthog_cabs  default    # default   orthogonalization method for CABS basis. options: symmetric, canonical, cholesky, rr_cholesky, uses same as orbitals basis if default.
               n_pno  1          # defined   desired size of PNO-basis (orbital space)
         cabs_option  none       # default   type of complementary auxiliary basis to be used. can be none ~ no CABS, gbs ~ Gaussian basis set as CABS, requires input via auxbas_file, pno ~ use superfluous PNOs as CABS, mixed ~ gbs&pno-option
       pno_cabs_size  -1         # default   size of a potential pno-cabs. defaults to -1 ~ all remaining PNOs, if pno-cabs or mixed-cabs
           only_diag  false      # default   use only diagonal elements PNOs
         cherry_pick  []         # default   cherry pick option to choose particular set of PNOs, not just blindly by occupation number. can be useful, if only a restricted number of PNOs can be used, to avoid separating degenerate pairs. can be envoked by passing a vector via [ elem1, elem2, ... ]
               gamma  1.4000e+00 # default   The f12 length scale, here to be used to compute f12-integrals
         cabs_thresh  1.0000e-04 # derived    thresh for cabs part
              auxbas  none       # default   atom centered partial wave guess of format like 'h-2s1p-o-3s2p1d'
         auxbas_file  none       # default   Use external comp. aux. basis in addition to the pnos as auxbasis. Give the filename as parameter. Give the auxbas in turbomole format. Don't use contractions. If a file is specified the auxbas parameter has no effect
   print_pno_overlap  true       # default   Print overlap matrix at certain steps in computation, for debugging purposes.
              n_virt  0          # defined   Compute this number of virtuals and include them in the integral construction, experimental and not robust!.
      hardcore_boson  false      # default   compute only integrals for hardcore boson hamiltonian (restricted to double occupations)

end
F12 Operators initialized right
timer:                    Testing F12 Operators     0.28s     0.28s 
timer:  Initializing (active) Exchange Orbitals     0.16s     0.16s 
Size of active mos and their exchange potentials:
K(acmos)=1.165330e-03 Gbyte
acmos   =1.022220e-03 Gbyte
PNO Parameters
pno
       rank_increase  15         # default   maximum rank to increase in every macroiteration
               chunk  100        # default   chunk of functions operated on in parallel when G or K is applied (prevent memory shortage)
               debug  false      # default   debug mode
              freeze  0          # derived   frozen core approximation
             maxrank  1          # defined   maximal pno rank for all pairs
           guesstype  exop       # derived   the guesstype: exop (recommended, multiply polynomial excitation operators onto the occupied orbitals), empty (don't compute a guess), scf (use the ao basis from the SCF solver), partial_wave (create s,p,d ..., type functions and place on atoms), predefined (same as partial_wave but for predefined sets)
                exop  multipole  # derived   this string defines which excitation operators can be used, use 'dipole', 'dipole+', 'quadrupole', 'ocopole', or 'multipole', need to set guesstype to 'exop' which is the default
          exop_trigo  true       # default   use trigonometric excitation operators ( x --> sin(x)
        partial_wave             # default   atom centered partial wave guess of format like 'h-2s1p-o-3s2p1d', need to set guesstype to 'partial_wave' and adaptive_solver to 'none'
          predefined             # default   predefined partial wave guesses of type pvxz with x=d,t,q,5,6, need to set guesstype to 'predefined' and adaptive_solver to 'none'
           maxiter_t  100        # default   maximal number of iterations in the amplitude solver
       maxiter_micro  10         # default   Maximum of iterations for every cycle in the adaptive solver
       maxiter_macro  10         # default   Maximum of iterations of cycles in the adaptive solver
                tpno  1.0000e-08 # default   PNO cutoff threshold
          tpno_tight  1.0000e-10 # derived   PNO cutoff for the first iteration
    canonicalize_pno  true       # default   canonicalize the pnos before the amplitude solver
              thresh  1.0000e-04 # defined   MRA threshold
         econv_micro  1.0000e-04 # derived   Energy convergence for microiterations (Greens function based optimization) in adaptive solver
         econv_pairs  1.0000e-05 # derived   ENergy convergence for individual pairs in adaptive solver. Converged pairs are frozen automatically
         econv_macro  1.0000e-04 # derived   Energy convergence for macroiterations in adaptive solver, no effect if adaptive_solver is deactivated
               dconv  1.0000e-01 # default   convergence of every PNO in the Green's function solver
           op_thresh  1.0000e-06 # default   MRA operator thresh
             restart  none       # derived   restart pairs of this type, use 'mp2', 'cispd', 'all' or 'none'
          no_compute  none       # default   do not compute the pairs of this type, use 'mp2', 'cispd', 'all' or 'none'
              no_opt  none       # default   do not optimize the pnos of this type, use 'mp2', 'cispd', 'all' or 'none'
            no_guess  none       # derived   guess for this type will be empty, use 'mp2', 'cispd', 'all' or 'none'
     adaptive_solver  all        # default   Use adaptive solver for those pairs, use 'mp2', 'cispd', 'all' or 'none', works only in combination with guesstype 'exop'
                kain  true       # default   use KAIN solver in amplitude solver
       kain_subspace  5          # default   subspace size of the KAIN solver (amplitudes)
                 f12  false      # defined   use explicit correlation
        cispd_number  -1         # default   CIS(D) excitation numbers, to read in correct functions
        cispd_energy  0.0000e+00 # default   CIS energy
        freeze_pairs  none       # default   frozen pairs will not be optimized: Expected format 'a b c d' will freeze pairs ab and cd
freeze_pairs_of_orbital  []         # default    All pairs which originate from this orbital will not be optimized
active_pairs_of_orbital  []         # default    All pairs which originate from this orbital will not be frozen all other pairs will, if this vector is not empty
no_opt_in_first_iteration  false      # default   Do not optimize in the first iteration (then the potentials do not have to be evaluated, use this for large guesses)
            exchange  full       # default   approximate exchange with 'neglect' or xc functional -> same syntax as moldft
           save_pnos  true       # default   Save the OBS-PNOs to a file, before and after orthonormalization.
            diagonal  true       # defined   Compute only diagonal PNOs

end

**********************
Solve PNO-MP2
*********************


**********************
Iterate Pairs
*********************


************************
Adaptive Solver
***********************

Initializing empty Pairs:
no guess was explicitly demanded for mp2

timer:                                     RRCD     0.00s     0.00s 
timer:                             MRA compress     0.00s     0.00s 
timer:                          Transform Pairs     0.00s     0.00s 
timer:          apply Q and orthonormalize PNOs     0.00s     0.00s 
Created Guess:
pair00 with 0 guess functions
guess pair00 size: 0.0000000000e+00 | 0.0000000000e+00 Gbyte (after truncation)
timer:                           truncate guess     0.00s     0.00s 
timer:                         Initialize Pairs     0.00s     0.00s 
Keyword multipole is not known
Guess protocol for adaptively growing ranks is: [dipole+, quadrupole, big_fock_3, big_fock_3, big_fock_3, big_fock_3, big_fock_3, big_fock_3, big_fock_3, big_fock_3]


--------Adaptive Solver Macroiteration 0 from max 10 ----------

Growing ranks with exop=dipole+
Create guess functions by multiplying plane-waves to 1 functions 
Created 4 virtuals for pair00
timer:                                     RRCD     0.01s     0.01s 
timer:                             MRA compress     0.00s     0.00s 
timer:                          Transform Pairs     0.00s     0.00s 
timer:                        grow PNO subspace     0.08s     0.08s 
SolveInternal: Parameters are assigned as
no_compute        = false
no_opt            = false
restart           = false
do_cispd          = false
econv             =1.0000000000e-04
maxrank (min,max) = (1,1)
Solving MP2 doubles
timer:          fock matrix     0.25s     0.25s
Information About All Pairs:
mp2_pair00           number=0 rank=  4 frozen=false
number of pairs=1
average rank   =4 (4.0000000000e+00)
largest rank   =4
PNOPairs Memory Information
Total: 0.0043342113 GB 
PNO  : 0.0043342113 GB 
KPNO : 0.0000000000 GB 
W    : 0.0000000000 GB 

timer:                                 truncate     0.03s     0.03s 
wall time=9.5771870613 chunk=4 allK.size()=4 memory=0.0036799908 GB
timer:                             compute KPNO     0.54s     0.54s 
wall time=9.5907850266 chunk=4 allJ.size()=4 memory=0.0043342113 GB
timer:                             compute JPNO     0.01s     0.01s 
timer:                    compute Fock matrices     0.18s     0.18s 
timer:                             MRA compress     0.00s     0.00s 
timer:                          Transform Pairs     0.01s     0.01s 
timer:                             Canonicalize     0.01s     0.01s 
PNOPairs Memory Information
Total: 0.0080142021 GB 
PNO  : 0.0043342113 GB 
KPNO : 0.0036799908 GB 
W    : 0.0000000000 GB 

timer:                                 truncate     0.00s     0.00s 
timer:                   Fluctuation Potentials     0.75s     0.75s 
timer:                       Fluctuation Matrix     0.02s     0.02s 
PNOPairs Memory Information
Total: 0.0153741837 GB 
PNO  : 0.0043342113 GB 
KPNO : 0.0036799908 GB 
W    : 0.0073599815 GB 

PNOPairs Memory Information
Total: 0.0153741837 GB 
PNO  : 0.0043342113 GB 
KPNO : 0.0036799908 GB 
W    : 0.0073599815 GB 

timer:                                 truncate     0.00s     0.00s 
timer:                             PNO Overlaps     0.01s     0.01s 
t_iter =  0  Hylleraas energy =  0.0000000000  ||R||_F =  0.1693994302  conv =  no
subspace solution [*]   1.00000000

t_iter =  1  Hylleraas energy =  -0.0147123696  ||R||_F =  0.0000000000  conv =  yes
=======================================================

Hylleraas MP2 Energies

=======================================================
    i    j      singlet      triplet        Total
=======================================================
    0    0  -1.47124e-02  0.00000e+00 -1.47124e-02
=======================================================
Hylleraas MP2 Energies (singlet): -1.47124e-02
Hylleraas MP2 Energies (triplet):  0.00000e+00
Hylleraas MP2 Energies (total)  : -1.47124e-02
=======================================================
-------------------------------------------
Total Reg Energy  =-1.47124e-02
Total F12 Energy  = 0.00000e+00
Sum Energies Total=-1.47124e-02
-------------------------------------------
timer:                         Solve Amplitudes     0.00s     0.00s 
No optimization untill now: Compressing pno ranks with tighter threshold
1.00000e-10 instead of 1.00000e-08
pair00: density evals:
 [*]   0.00255664   0.00255664   0.00331492   0.00674262

pair00: # of PNOs reduced from  4  to  1  maxrank= 1
timer:                            compress PNOs     0.00s     0.00s 
timer:                             MRA compress     0.00s     0.00s 
timer:                          Transform Pairs     0.00s     0.00s 
timer:                          PNO Compression     0.01s     0.01s 
Information About All Pairs:
mp2_pair00           number=0 rank=  1 frozen=false
number of pairs=1
average rank   =1 (1.00000e+00)
largest rank   =1
saving vector of functions mp2_pair00
timer:                        save pnos on disc     0.00s     0.00s 
PNOPairs Memory Information
Total: 0.00417 GB 
PNO  : 0.00117 GB 
KPNO : 0.00100 GB 
W    : 0.00200 GB 

timer:                                 truncate     0.00s     0.00s 
timer:      compute densities for G application     0.00s     0.00s 
timer:                Prepare for G application     0.00s     0.00s 
timer:                                    add K     0.00s     0.00s 
size of all Vpsi potentials (without Vnuc and J) 0.00100 GB 
time=10.61734 chunk=1 Vpsi+Vnuc+J=0.00296 GB
time=10.62097 chunk=1 Vpsi+Vnuc+J=0.00296 GB (after truncation)
timer:                           Apply G to all     0.27s     0.27s 
timer:                       apply Q and update     0.00s     0.00s 
mp2_pair00 residual norms:
[0.38319]
mp2_pair00 scaled residual norms:
[0.03146]
timer:                          update all PNOs     0.28s     0.28s 
timer:                                     RRCD     0.01s     0.01s 
timer:                             MRA compress     0.00s     0.00s 
timer:                          Transform Pairs     0.00s     0.00s 
saving vector of functions mp2_pair00
timer:                        save pnos on disc     0.00s     0.00s 


No convergence yet. Energy change = 0.01471

timer:                        Whole Iteration 1     1.87s     1.87s 
Information About All Pairs:
mp2_pair00           number=0 rank=  1 frozen=false
number of pairs=1
average rank   =1 (1.00000)
largest rank   =1
PNOPairs Memory Information
Total: 0.00117 GB 
PNO  : 0.00117 GB 
KPNO : 0.00000 GB 
W    : 0.00000 GB 

timer:                                 truncate     0.00s     0.00s 
wall time=11.02555 chunk=1 allK.size()=1 memory=0.00100 GB
timer:                             compute KPNO     0.14s     0.14s 
wall time=11.02883 chunk=1 allJ.size()=1 memory=0.00117 GB
timer:                             compute JPNO     0.00s     0.00s 
timer:                    compute Fock matrices     0.08s     0.08s 
timer:                             MRA compress     0.00s     0.00s 
timer:                          Transform Pairs     0.00s     0.00s 
timer:                             Canonicalize     0.00s     0.00s 
PNOPairs Memory Information
Total: 0.00217 GB 
PNO  : 0.00117 GB 
KPNO : 0.00100 GB 
W    : 0.00000 GB 

timer:                                 truncate     0.00s     0.00s 
timer:                   Fluctuation Potentials     0.19s     0.19s 
timer:                       Fluctuation Matrix     0.01s     0.01s 
PNOPairs Memory Information
Total: 0.00417 GB 
PNO  : 0.00117 GB 
KPNO : 0.00100 GB 
W    : 0.00200 GB 

PNOPairs Memory Information
Total: 0.00417 GB 
PNO  : 0.00117 GB 
KPNO : 0.00100 GB 
W    : 0.00200 GB 

timer:                                 truncate     0.00s     0.00s 
timer:                             PNO Overlaps     0.01s     0.01s 
t_iter =  0  Hylleraas energy =  0.00000  ||R||_F =  0.15686  conv =  no
subspace solution [*]   1.00000000

t_iter =  1  Hylleraas energy =  -0.01044  ||R||_F =  0.00000  conv =  yes
=======================================================

Hylleraas MP2 Energies

=======================================================
    i    j      singlet      triplet        Total
=======================================================
    0    0  -1.04442e-02  0.00000e+00 -1.04442e-02
=======================================================
Hylleraas MP2 Energies (singlet): -1.04442e-02
Hylleraas MP2 Energies (triplet):  0.00000e+00
Hylleraas MP2 Energies (total)  : -1.04442e-02
=======================================================
-------------------------------------------
Total Reg Energy  =-1.04442e-02
Total F12 Energy  = 0.00000e+00
Sum Energies Total=-1.04442e-02
-------------------------------------------
timer:                         Solve Amplitudes     0.00s     0.00s 
pair00: density evals:
 [*]   0.00886709

timer:                            compress PNOs     0.00s     0.00s 
timer:                             MRA compress     0.00s     0.00s 
timer:                          Transform Pairs     0.00s     0.00s 
timer:                          PNO Compression     0.00s     0.00s 
Information About All Pairs:
mp2_pair00           number=0 rank=  1 frozen=false
number of pairs=1
average rank   =1 (1.00000e+00)
largest rank   =1
saving vector of functions mp2_pair00
timer:                        save pnos on disc     0.00s     0.00s 
PNOPairs Memory Information
Total: 0.00417 GB 
PNO  : 0.00117 GB 
KPNO : 0.00100 GB 
W    : 0.00200 GB 

timer:                                 truncate     0.00s     0.00s 
timer:      compute densities for G application     0.00s     0.00s 
timer:                Prepare for G application     0.00s     0.00s 
timer:                                    add K     0.00s     0.00s 
size of all Vpsi potentials (without Vnuc and J) 0.00100 GB 
time=11.35673 chunk=1 Vpsi+Vnuc+J=0.00296 GB
time=11.35796 chunk=1 Vpsi+Vnuc+J=0.00296 GB (after truncation)
timer:                           Apply G to all     0.28s     0.28s 
timer:                       apply Q and update     0.00s     0.00s 
mp2_pair00 residual norms:
[0.11227]
mp2_pair00 scaled residual norms:
[0.01057]
timer:                          update all PNOs     0.29s     0.29s 
timer:                                     RRCD     0.01s     0.01s 
timer:                             MRA compress     0.00s     0.00s 
timer:                          Transform Pairs     0.02s     0.02s 
saving vector of functions mp2_pair00
timer:                        save pnos on disc     0.00s     0.00s 


No convergence yet. Energy change = 0.00427

timer:                        Whole Iteration 2     0.77s     0.77s 
Information About All Pairs:
mp2_pair00           number=0 rank=  1 frozen=false
number of pairs=1
average rank   =1 (1.00000)
largest rank   =1
PNOPairs Memory Information
Total: 0.00117 GB 
PNO  : 0.00117 GB 
KPNO : 0.00000 GB 
W    : 0.00000 GB 

timer:                                 truncate     0.00s     0.00s 
wall time=11.86552 chunk=1 allK.size()=1 memory=0.00100 GB
timer:                             compute KPNO     0.22s     0.22s 
wall time=11.86968 chunk=1 allJ.size()=1 memory=0.00117 GB
timer:                             compute JPNO     0.00s     0.00s 
timer:                    compute Fock matrices     0.08s     0.08s 
timer:                             MRA compress     0.00s     0.00s 
timer:                          Transform Pairs     0.00s     0.00s 
timer:                             Canonicalize     0.00s     0.00s 
PNOPairs Memory Information
Total: 0.00217 GB 
PNO  : 0.00117 GB 
KPNO : 0.00100 GB 
W    : 0.00000 GB 

timer:                                 truncate     0.00s     0.00s 
timer:                   Fluctuation Potentials     0.19s     0.19s 
timer:                       Fluctuation Matrix     0.01s     0.01s 
PNOPairs Memory Information
Total: 0.00417 GB 
PNO  : 0.00117 GB 
KPNO : 0.00100 GB 
W    : 0.00200 GB 

PNOPairs Memory Information
Total: 0.00417 GB 
PNO  : 0.00117 GB 
KPNO : 0.00100 GB 
W    : 0.00200 GB 

timer:                                 truncate     0.00s     0.00s 
timer:                             PNO Overlaps     0.01s     0.01s 
t_iter =  0  Hylleraas energy =  0.00000  ||R||_F =  0.16923  conv =  no
subspace solution [*]   1.00000000

t_iter =  1  Hylleraas energy =  -0.01105  ||R||_F =  0.00000  conv =  yes
=======================================================

Hylleraas MP2 Energies

=======================================================
    i    j      singlet      triplet        Total
=======================================================
    0    0  -1.10536e-02  0.00000e+00 -1.10536e-02
=======================================================
Hylleraas MP2 Energies (singlet): -1.10536e-02
Hylleraas MP2 Energies (triplet):  0.00000e+00
Hylleraas MP2 Energies (total)  : -1.10536e-02
=======================================================
-------------------------------------------
Total Reg Energy  =-1.10536e-02
Total F12 Energy  = 0.00000e+00
Sum Energies Total=-1.10536e-02
-------------------------------------------
timer:                         Solve Amplitudes     0.00s     0.00s 
pair00: density evals:
 [*]   0.00853300

timer:                            compress PNOs     0.00s     0.00s 
timer:                             MRA compress     0.00s     0.00s 
timer:                          Transform Pairs     0.00s     0.00s 
timer:                          PNO Compression     0.00s     0.00s 
Information About All Pairs:
mp2_pair00           number=0 rank=  1 frozen=false
number of pairs=1
average rank   =1 (1.00000e+00)
largest rank   =1
saving vector of functions mp2_pair00
timer:                        save pnos on disc     0.00s     0.00s 
PNOPairs Memory Information
Total: 0.00417 GB 
PNO  : 0.00117 GB 
KPNO : 0.00100 GB 
W    : 0.00200 GB 

timer:                                 truncate     0.00s     0.00s 
timer:      compute densities for G application     0.00s     0.00s 
timer:                Prepare for G application     0.00s     0.00s 
timer:                                    add K     0.00s     0.00s 
size of all Vpsi potentials (without Vnuc and J) 0.00100 GB 
time=12.20181 chunk=1 Vpsi+Vnuc+J=0.00296 GB
time=12.20299 chunk=1 Vpsi+Vnuc+J=0.00296 GB (after truncation)
timer:                           Apply G to all     0.30s     0.30s 
timer:                       apply Q and update     0.00s     0.00s 
mp2_pair00 residual norms:
[0.04200]
mp2_pair00 scaled residual norms:
[0.00388]
timer:                          update all PNOs     0.30s     0.30s 
timer:                                     RRCD     0.01s     0.01s 
timer:                             MRA compress     0.00s     0.00s 
timer:                          Transform Pairs     0.00s     0.00s 
saving vector of functions mp2_pair00
timer:                        save pnos on disc     0.00s     0.00s 


No convergence yet. Energy change = 0.00061

timer:                        Whole Iteration 3     0.84s     0.84s 
Information About All Pairs:
mp2_pair00           number=0 rank=  1 frozen=false
number of pairs=1
average rank   =1 (1.00000)
largest rank   =1
PNOPairs Memory Information
Total: 0.00117 GB 
PNO  : 0.00117 GB 
KPNO : 0.00000 GB 
W    : 0.00000 GB 

timer:                                 truncate     0.00s     0.00s 
wall time=12.63293 chunk=1 allK.size()=1 memory=0.00100 GB
timer:                             compute KPNO     0.14s     0.14s 
wall time=12.63642 chunk=1 allJ.size()=1 memory=0.00117 GB
timer:                             compute JPNO     0.00s     0.00s 
timer:                    compute Fock matrices     0.11s     0.11s 
timer:                             MRA compress     0.00s     0.00s 
timer:                          Transform Pairs     0.01s     0.01s 
timer:                             Canonicalize     0.01s     0.01s 
PNOPairs Memory Information
Total: 0.00217 GB 
PNO  : 0.00117 GB 
KPNO : 0.00100 GB 
W    : 0.00000 GB 

timer:                                 truncate     0.00s     0.00s 
timer:                   Fluctuation Potentials     0.18s     0.18s 
timer:                       Fluctuation Matrix     0.01s     0.01s 
PNOPairs Memory Information
Total: 0.00417 GB 
PNO  : 0.00117 GB 
KPNO : 0.00100 GB 
W    : 0.00200 GB 

PNOPairs Memory Information
Total: 0.00417 GB 
PNO  : 0.00117 GB 
KPNO : 0.00100 GB 
W    : 0.00200 GB 

timer:                                 truncate     0.00s     0.00s 
timer:                             PNO Overlaps     0.01s     0.01s 
t_iter =  0  Hylleraas energy =  0.00000  ||R||_F =  0.17326  conv =  no
subspace solution [*]   1.00000000

t_iter =  1  Hylleraas energy =  -0.01114  ||R||_F =  0.00000  conv =  yes
=======================================================

Hylleraas MP2 Energies

=======================================================
    i    j      singlet      triplet        Total
=======================================================
    0    0  -1.11442e-02  0.00000e+00 -1.11442e-02
=======================================================
Hylleraas MP2 Energies (singlet): -1.11442e-02
Hylleraas MP2 Energies (triplet):  0.00000e+00
Hylleraas MP2 Energies (total)  : -1.11442e-02
=======================================================
-------------------------------------------
Total Reg Energy  =-1.11442e-02
Total F12 Energy  = 0.00000e+00
Sum Energies Total=-1.11442e-02
-------------------------------------------
timer:                         Solve Amplitudes     0.00s     0.00s 
pair00: density evals:
 [*]   0.00827474

timer:                            compress PNOs     0.00s     0.00s 
timer:                             MRA compress     0.00s     0.00s 
timer:                          Transform Pairs     0.00s     0.00s 
timer:                          PNO Compression     0.00s     0.00s 
Information About All Pairs:
mp2_pair00           number=0 rank=  1 frozen=false
number of pairs=1
average rank   =1 (1.00000e+00)
largest rank   =1
saving vector of functions mp2_pair00
timer:                        save pnos on disc     0.00s     0.00s 
PNOPairs Memory Information
Total: 0.00417 GB 
PNO  : 0.00117 GB 
KPNO : 0.00100 GB 
W    : 0.00200 GB 

timer:                                 truncate     0.00s     0.00s 
timer:      compute densities for G application     0.00s     0.00s 
timer:                Prepare for G application     0.00s     0.00s 
timer:                                    add K     0.00s     0.00s 
size of all Vpsi potentials (without Vnuc and J) 0.00100 GB 
time=12.99072 chunk=1 Vpsi+Vnuc+J=0.00313 GB
time=12.99206 chunk=1 Vpsi+Vnuc+J=0.00313 GB (after truncation)
timer:                           Apply G to all     0.28s     0.28s 
timer:                       apply Q and update     0.00s     0.00s 
mp2_pair00 residual norms:
[0.01617]
mp2_pair00 scaled residual norms:
[0.00147]
timer:                          update all PNOs     0.28s     0.28s 
timer:                                     RRCD     0.01s     0.01s 
timer:                             MRA compress     0.00s     0.00s 
timer:                          Transform Pairs     0.00s     0.00s 
saving vector of functions mp2_pair00
timer:                        save pnos on disc     0.00s     0.00s 


CONVERGED!
energy change = 0.00009

re-entering loop to compute the correct amplitudes and energies
timer:                        Whole Iteration 4     0.77s     0.77s 
Information About All Pairs:
mp2_pair00           number=0 rank=  1 frozen=false
number of pairs=1
average rank   =1 (1.00000)
largest rank   =1
PNOPairs Memory Information
Total: 0.00133 GB 
PNO  : 0.00133 GB 
KPNO : 0.00000 GB 
W    : 0.00000 GB 

timer:                                 truncate     0.00s     0.00s 
wall time=13.42237 chunk=1 allK.size()=1 memory=0.00100 GB
timer:                             compute KPNO     0.16s     0.16s 
wall time=13.48829 chunk=1 allJ.size()=1 memory=0.00133 GB
timer:                             compute JPNO     0.07s     0.07s 
timer:                    compute Fock matrices     0.18s     0.18s 
timer:                             MRA compress     0.00s     0.00s 
timer:                          Transform Pairs     0.01s     0.01s 
timer:                             Canonicalize     0.01s     0.01s 
PNOPairs Memory Information
Total: 0.00233 GB 
PNO  : 0.00133 GB 
KPNO : 0.00100 GB 
W    : 0.00000 GB 

timer:                                 truncate     0.00s     0.00s 
timer:                   Fluctuation Potentials     0.22s     0.22s 
timer:                       Fluctuation Matrix     0.01s     0.01s 
PNOPairs Memory Information
Total: 0.00433 GB 
PNO  : 0.00133 GB 
KPNO : 0.00100 GB 
W    : 0.00200 GB 

PNOPairs Memory Information
Total: 0.00433 GB 
PNO  : 0.00133 GB 
KPNO : 0.00100 GB 
W    : 0.00200 GB 

timer:                                 truncate     0.00s     0.00s 
timer:                             PNO Overlaps     0.02s     0.02s 
t_iter =  0  Hylleraas energy =  0.00000  ||R||_F =  0.17471  conv =  no
subspace solution [*]   1.00000000

t_iter =  1  Hylleraas energy =  -0.01116  ||R||_F =  0.00000  conv =  yes
=======================================================

Hylleraas MP2 Energies

=======================================================
    i    j      singlet      triplet        Total
=======================================================
    0    0  -1.11580e-02  0.00000e+00 -1.11580e-02
=======================================================
Hylleraas MP2 Energies (singlet): -1.11580e-02
Hylleraas MP2 Energies (triplet):  0.00000e+00
Hylleraas MP2 Energies (total)  : -1.11580e-02
=======================================================
-------------------------------------------
Total Reg Energy  =-1.11580e-02
Total F12 Energy  = 0.00000e+00
Sum Energies Total=-1.11580e-02
-------------------------------------------
timer:                         Solve Amplitudes     0.00s     0.00s 
pair00: density evals:
 [*]   0.00815766

timer:                            compress PNOs     0.00s     0.00s 
timer:                             MRA compress     0.00s     0.00s 
timer:                          Transform Pairs     0.01s     0.01s 
timer:                          PNO Compression     0.01s     0.01s 
Information About All Pairs:
mp2_pair00           number=0 rank=  1 frozen=false
number of pairs=1
average rank   =1 (1.00000e+00)
largest rank   =1
saving vector of functions mp2_pair00
timer:                        save pnos on disc     0.00s     0.00s 
exiting: Iterations converged
PNO ranks:
PNO Rank for pair pair00 = 1
average rank 1.00000e+00
timer:                               PNO::solve     5.21s     5.21s 

--------------------------------
ITERATE-PAIRS-INTERNAL-ENDED
--------------------------------



Adaptive Sovler:
 Current Energy=-1.1157967018e-02
 DeltaE        =-1.1157967018e-02
 max dE (pair) =-1.1157967018e-02 (0)
 all_pairs_conv=false




not converged yet

Maximum Rank of1 reached, no need to iterate further=======================================================

Final MP2 Energies

=======================================================
    i    j      singlet      triplet        Total
=======================================================
    0    0  -1.11580e-02  0.00000e+00 -1.11580e-02
=======================================================
Final MP2 Energies (singlet): -1.11580e-02
Final MP2 Energies (triplet):  0.00000e+00
Final MP2 Energies (total)  : -1.11580e-02
=======================================================
-------------------------------------------
Total Reg Energy  =-1.11580e-02
Total F12 Energy  = 0.00000e+00
Sum Energies Total=-1.11580e-02
-------------------------------------------
Average | Max Rank: 1 | 1



--------------------------------------------------
MRA-PNO-MP2-F12 ended 
--------------------------------------------------
                 time scf = 7.36557e+00
               energy scf = -1.13275e+00
--------------------------------------------------
restarting PNO to reload pairs that converged before and were frozen
PNO Parameters
pno
       rank_increase  15         # default   maximum rank to increase in every macroiteration
               chunk  100        # default   chunk of functions operated on in parallel when G or K is applied (prevent memory shortage)
               debug  false      # default   debug mode
              freeze  0          # derived   frozen core approximation
             maxrank  1          # defined   maximal pno rank for all pairs
           guesstype  exop       # derived   the guesstype: exop (recommended, multiply polynomial excitation operators onto the occupied orbitals), empty (don't compute a guess), scf (use the ao basis from the SCF solver), partial_wave (create s,p,d ..., type functions and place on atoms), predefined (same as partial_wave but for predefined sets)
                exop  multipole  # derived   this string defines which excitation operators can be used, use 'dipole', 'dipole+', 'quadrupole', 'ocopole', or 'multipole', need to set guesstype to 'exop' which is the default
          exop_trigo  true       # default   use trigonometric excitation operators ( x --> sin(x)
        partial_wave             # default   atom centered partial wave guess of format like 'h-2s1p-o-3s2p1d', need to set guesstype to 'partial_wave' and adaptive_solver to 'none'
          predefined             # default   predefined partial wave guesses of type pvxz with x=d,t,q,5,6, need to set guesstype to 'predefined' and adaptive_solver to 'none'
           maxiter_t  100        # default   maximal number of iterations in the amplitude solver
       maxiter_micro  10         # default   Maximum of iterations for every cycle in the adaptive solver
       maxiter_macro  10         # default   Maximum of iterations of cycles in the adaptive solver
                tpno  1.0000e-08 # default   PNO cutoff threshold
          tpno_tight  1.0000e-10 # derived   PNO cutoff for the first iteration
    canonicalize_pno  true       # default   canonicalize the pnos before the amplitude solver
              thresh  1.0000e-04 # defined   MRA threshold
         econv_micro  1.0000e-04 # derived   Energy convergence for microiterations (Greens function based optimization) in adaptive solver
         econv_pairs  1.0000e-05 # derived   ENergy convergence for individual pairs in adaptive solver. Converged pairs are frozen automatically
         econv_macro  1.0000e-04 # derived   Energy convergence for macroiterations in adaptive solver, no effect if adaptive_solver is deactivated
               dconv  1.0000e-01 # default   convergence of every PNO in the Green's function solver
           op_thresh  1.0000e-06 # default   MRA operator thresh
             restart  all        # defined   restart pairs of this type, use 'mp2', 'cispd', 'all' or 'none'
          no_compute  none       # default   do not compute the pairs of this type, use 'mp2', 'cispd', 'all' or 'none'
              no_opt  all        # defined   do not optimize the pnos of this type, use 'mp2', 'cispd', 'all' or 'none'
            no_guess  all        # defined   guess for this type will be empty, use 'mp2', 'cispd', 'all' or 'none'
     adaptive_solver  none       # defined   Use adaptive solver for those pairs, use 'mp2', 'cispd', 'all' or 'none', works only in combination with guesstype 'exop'
                kain  true       # default   use KAIN solver in amplitude solver
       kain_subspace  5          # default   subspace size of the KAIN solver (amplitudes)
                 f12  false      # defined   use explicit correlation
        cispd_number  -1         # default   CIS(D) excitation numbers, to read in correct functions
        cispd_energy  0.0000e+00 # default   CIS energy
        freeze_pairs  none       # default   frozen pairs will not be optimized: Expected format 'a b c d' will freeze pairs ab and cd
freeze_pairs_of_orbital  []         # default    All pairs which originate from this orbital will not be optimized
active_pairs_of_orbital  []         # default    All pairs which originate from this orbital will not be frozen all other pairs will, if this vector is not empty
no_opt_in_first_iteration  false      # default   Do not optimize in the first iteration (then the potentials do not have to be evaluated, use this for large guesses)
            exchange  full       # default   approximate exchange with 'neglect' or xc functional -> same syntax as moldft
           save_pnos  true       # default   Save the OBS-PNOs to a file, before and after orthonormalization.
            diagonal  true       # defined   Compute only diagonal PNOs

end

**********************
Solve PNO-MP2
*********************


**********************
Iterate Pairs
*********************


************************
Standard Solver
***********************

Initializing Pairs:
Restart demanded for mp2 pairs
loading vector of functions mp2_pair00
Found PNOs for mp2_pair00 with rank 1
no guess was explicitly demanded for mp2

timer:                                     RRCD     0.01s     0.01s 
timer:                             MRA compress     0.00s     0.00s 
timer:                          Transform Pairs     0.00s     0.00s 
timer:          apply Q and orthonormalize PNOs     0.02s     0.02s 
Created Guess:
pair00 with 1 guess functions
guess pair00 size: 1.3288855553e-03 | 1.3288855553e-03 Gbyte (after truncation)
timer:                           truncate guess     0.00s     0.00s 
timer:                         Initialize Pairs     0.02s     0.02s 
Information About All Pairs:
mp2_pair00           number=0 rank=  1 frozen=false
number of pairs=1
average rank   =1 (1.0000000000e+00)
largest rank   =1
SolveInternal: Parameters are assigned as
no_compute        = false
no_opt            = true
restart           = true
do_cispd          = false
econv             =1.0000000000e-04
maxrank (min,max) = (1,1)
Solving MP2 doubles
timer:          fock matrix     0.21s     0.21s
Information About All Pairs:
mp2_pair00           number=0 rank=  1 frozen=false
number of pairs=1
average rank   =1 (1.0000000000e+00)
largest rank   =1
PNOPairs Memory Information
Total: 0.0013288856 GB 
PNO  : 0.0013288856 GB 
KPNO : 0.0000000000 GB 
W    : 0.0000000000 GB 

timer:                                 truncate     0.00s     0.00s 
wall time=14.3406119347 chunk=1 allK.size()=1 memory=0.0010017753 GB
timer:                             compute KPNO     0.17s     0.17s 
wall time=14.3444020748 chunk=1 allJ.size()=1 memory=0.0013288856 GB
timer:                             compute JPNO     0.00s     0.00s 
timer:                    compute Fock matrices     0.09s     0.09s 
timer:                             MRA compress     0.00s     0.00s 
timer:                          Transform Pairs     0.00s     0.00s 
timer:                             Canonicalize     0.00s     0.00s 
PNOPairs Memory Information
Total: 0.0023306608 GB 
PNO  : 0.0013288856 GB 
KPNO : 0.0010017753 GB 
W    : 0.0000000000 GB 

timer:                                 truncate     0.00s     0.00s 
timer:                   Fluctuation Potentials     0.19s     0.19s 
timer:                       Fluctuation Matrix     0.01s     0.01s 
PNOPairs Memory Information
Total: 0.0043342113 GB 
PNO  : 0.0013288856 GB 
KPNO : 0.0010017753 GB 
W    : 0.0020035505 GB 

PNOPairs Memory Information
Total: 0.0043342113 GB 
PNO  : 0.0013288856 GB 
KPNO : 0.0010017753 GB 
W    : 0.0020035505 GB 

timer:                                 truncate     0.00s     0.00s 
timer:                             PNO Overlaps     0.01s     0.01s 
t_iter =  0  Hylleraas energy =  0.0000000000  ||R||_F =  0.1747097503  conv =  no
subspace solution [*]   1.00000000

t_iter =  1  Hylleraas energy =  -0.0111579670  ||R||_F =  0.0000000000  conv =  yes
=======================================================

Hylleraas MP2 Energies

=======================================================
    i    j      singlet      triplet        Total
=======================================================
    0    0  -1.11580e-02  0.00000e+00 -1.11580e-02
=======================================================
Hylleraas MP2 Energies (singlet): -1.11580e-02
Hylleraas MP2 Energies (triplet):  0.00000e+00
Hylleraas MP2 Energies (total)  : -1.11580e-02
=======================================================
-------------------------------------------
Total Reg Energy  =-1.11580e-02
Total F12 Energy  = 0.00000e+00
Sum Energies Total=-1.11580e-02
-------------------------------------------
timer:                         Solve Amplitudes     0.00s     0.00s 
No optimization untill now: Compressing pno ranks with tighter threshold
1.00000e-10 instead of 1.00000e-08
pair00: density evals:
 [*]   0.00815766

timer:                            compress PNOs     0.00s     0.00s 
timer:                             MRA compress     0.00s     0.00s 
timer:                          Transform Pairs     0.00s     0.00s 
timer:                          PNO Compression     0.00s     0.00s 
Information About All Pairs:
mp2_pair00           number=0 rank=  1 frozen=false
number of pairs=1
average rank   =1 (1.00000e+00)
largest rank   =1
saving vector of functions mp2_pair00
timer:                        save pnos on disc     0.00s     0.00s 
exiting: Found no_opt keyword
PNO ranks:
PNO Rank for pair pair00 = 1
average rank 1.00000e+00
timer:                               PNO::solve     0.70s     0.70s 

--------------------------------
ITERATE-PAIRS-INTERNAL-ENDED
--------------------------------
=======================================================

Final MP2 Energies

=======================================================
    i    j      singlet      triplet        Total
=======================================================
    0    0  -1.11580e-02  0.00000e+00 -1.11580e-02
=======================================================
Final MP2 Energies (singlet): -1.11580e-02
Final MP2 Energies (triplet):  0.00000e+00
Final MP2 Energies (total)  : -1.11580e-02
=======================================================
-------------------------------------------
Total Reg Energy  =-1.11580e-02
Total F12 Energy  = 0.00000e+00
Sum Energies Total=-1.11580e-02
-------------------------------------------
Average | Max Rank: 1 | 1
                 time pno = 6.27841e+00
               energy mp2 = -1.11580e-02
     average pno rank mp2 = 1
         max pno rank mp2 = 1
--------------------------------------------------
            energy(total) = -1.14391e+00
--------------------------------------------------



Orthonormalization technique used: symmetric
No CABS used.
Tightening thresholds to +0.00010000 for post-processing
Overlap Matrix of all PNOs:
+1.00000000 
Before cherry pick
rank is +0
all used occupation numbers:
[+0.00815766 ]
corresponding to active pairs:
[(0,0) ]
After cherry pick
all used occupation numbers:
[+0.00815766 ]
corresponding to active pairs:
[(0,0) ]
Overlap Matrix before symmetric
[+0,*]  +1.00000000
Overlap Matrix after symmetric
[+0,*]  +1.00000000
Adding 1 HF orbitals
Size before adding CABS: 2.
Size after adding CABS: 2.
Compute G and F Tensor:
 g +0 +0 +0 +0 = +0.67354666
 g +1 +0 +1 +0 = +0.17470979
 g +1 +1 +0 +0 = +0.68357644
 g +1 +1 +1 +1 = +0.75243817
Assemble g,f using symmetries...
 h +0 +0 -1.28113165
 h +1 +1 -0.43223985
non zero elements:
 g : +27
 h : +2
Overlap over whole basis
[+0,*]  +1.00000000  +0.00000000
[+1,*]  +0.00000000  +1.00000000

||S-1||=+0.00000000
finished at time 16.2

    Parallel environment
    --------------------
                  #nodes    1
       #threads per node    7+main = 8
          #total threads    8

  RMI message statistics (min / avg / max)
  ----------------------
   #messages in server q    0.00e+00 / 0.00e+00 / 0.00e+00
 #messages sent per node    0.00e+00 / 0.00e+00 / 0.00e+00
    #bytes sent per node    0.00e+00 / 0.00e+00 / 0.00e+00
 #messages recv per node    0.00e+00 / 0.00e+00 / 0.00e+00
    #bytes recv per node    0.00e+00 / 0.00e+00 / 0.00e+00
        #msgs systemwide    0.00e+00
       #bytes systemwide    0.00e+00

  Thread pool statistics (min / avg / max)
  ----------------------
         #tasks per node    2.16e+06 / 2.16e+06 / 2.16e+06
     #max q len per node    4.02e+03 / 4.02e+03 / 4.02e+03
  #hi-pri tasks per node    6.61e+05 / 6.61e+05 / 6.61e+05

         Total wall time    16.2s
         Total  cpu time    16.2s

