MADNESS runtime initialized with 7 threads in the pool and affinity -1 -1 -1
starting at time 0.1

--------------------------------------------
   MADNESS 0.10.1 multiresolution suite
--------------------------------------------

   number of processors ... 1
    processor frequency ... 1.799992e+09
            host system ... Linux
          configured by ... jsk
          configured on ... alandro
          configured at ... 2020-11-12T18:06:49
                    CXX ... /usr/bin/c++
               CXXFLAGS ... -O3 -DNDEBUG -march=native -I/home/jsk/install/numcpp/include/ -I/home/jsk/install/boost/boost_1_69_0/include -std=c++17
             tuning for ... default
                    MPI ... multiple
 multi-threaded runtime ... MADNESS ThreadPool
                   BLAS ... Intel MKL 23670 23670 MFLOP/s
               compiled ... 18:11:36  on  Nov 12 2020


-------------------------------------------------------------------------------------
SOLVING MRA-PNO-F12 as described in 
J.S. Kottmann, F.A. Bischoff, E.F. Valeev
Direct determination of optimal pair-natural orbitals in a real-space representation:
the second-order Møller-Plesset energy
Journal of Chemical Physics ... 2020
-------------------------------------------------------------------------------------


This script will run PNO-MP2 and print out tensors in binary
Call as: pno_integrals inputfileinput is input
ignoring unknown parameter in input file:  ncf

Angstrom being used to read input coordinates (1 Bohr = 1.88972613 Angstrom)


Asymptotic correction parameters
---------------------------------------
Atom vector is not empty: false
Using multipole approximation: false
Number of electrons = -1
Ionisation energy = 0.000000e+00
E(HOMO) = 0.000000e+00
R1 = 3.000000e+00
R2 = 4.000000e+00
DFT coefficient = 0.000000e+00
Interpolation scheme = linear
constructed symmetry operator for point group C1
dft
              charge  0.0000e+00 # defined   total molecular charge
                  xc  hf         # defined   XC input line
               smear  0.0000e+00 # default   smearing parameter
               econv  1.0000e-04 # defined   energy convergence
               dconv  5.0000e-04 # defined   density convergence
convergence_criteria  [bsh_residual, total_energy] # default   possible values are: bsh_residual, total_energy, each_energy, density
                   k  7          # defined   polynomial order
                   l  5.2268e+01 # derived   user coordinates box size
               deriv  abgv       # default   derivative method                            [abgv, bspline, ble]
           dft_deriv  abgv       # default   derivative method for gga potentials         [abgv, bspline, ble]
             maxrotn  2.5000e-01 # default   step restriction used in autoshift algorithm
             nvalpha  0          # default   number of alpha virtuals to compute
              nvbeta  0          # default   number of beta virtuals to compute
               nopen  0          # default   number of unpaired electrons = nalpha-nbeta
             maxiter  25         # default   maximum number of iterations
                 nio  1          # default   no. of io servers to use
     spin_restricted  true       # default   true if spin restricted
              plotlo  0          # default   range of MOs to print (for both spins if polarized
              plothi  -1         # default   range of MOs to print (for both spins if polarized
            plotdens  false      # default   If true print the density at convergence
            plotcoul  false      # default   If true plot the total coulomb potential at convergence
            localize  boys       # defined   localization method                          [pm, boys, new, canon]
          pointgroup  c1         # derived   use point (sub) group symmetry if not localized[c1, c2, ci, cs, c2v, c2h, d2, d2h]
             restart  false      # default   if true restart from orbitals on disk
           restartao  false      # default   if true restart from orbitals projected into AO basis (STO3G) on disk
          no_compute  false      # default   if true use orbitals on disk, set value to computed
           no_orient  false      # default   if true the molecule coordinates will not be reoriented
                save  true       # default   if true save orbitals to disk
              maxsub  10         # default   size of iterative subspace ... set to 0 or 1 to disable
        orbitalshift  0.0000e+00 # default   scf orbital shift: shift the occ orbitals to lower energies
            npt_plot  101        # default   no. of points to use in each dim for plots
           plot_cell  []         # default   lo hi in each dimension for plotting (default is all space)
             aobasis  6-31g      # derived   AO basis used for initial guess (6-31g or sto-3g)
           core_type  none       # default   core potential type                          [none, mpc]
         derivatives  false      # default   if true calculate nuclear derivatives
              dipole  false      # default   if true calculate dipole moment
      conv_only_dens  false      # default   if true remove bsh_residual from convergence criteria (deprecated)
            psp_calc  false      # default   pseudopotential calculation for all atoms
 print_dipole_matels  false      # default   if true output dipole matrix elements
            pcm_data  none       # default   do a PCM (solvent) calculation
             ac_data  none       # default   do a calculation with asymptotic correction (see ACParameters class in chem/AC.h for details)
             pure_ae  true       # default   pure all electron calculation with no pseudo-atoms
         print_level  3          # default   0: no output; 1: final energy; 2: iterations; 3: timings; 10: debug
              nalpha  2          # derived   number of alpha spin electrons
               nbeta  2          # derived   number of beta  spin electrons
           nmo_alpha  2          # derived   number of alpha spin molecular orbitals
            nmo_beta  2          # derived   number of beta spin molecular orbitals
                  lo  1.4683e-03 # derived   smallest length scale we need to resolve
            protocol  [1.0000e-04, 1.0000e-06] # derived   calculation protocol
                gopt  false      # default   geometry optimizer
                gtol  1.0000e-04 # default   geometry tolerance
               gtest  false      # default   geometry tolerance
                gval  1.0000e-05 # default   value precision
               gprec  1.0000e-04 # default   gradient precision
            gmaxiter  20         # default   optimization maxiter
    ginitial_hessian  false      # default   compute inital hessian for optimization
              algopt  bfgs       # default   algorithm used for optimization              [bfgs, cg]
            tdksprop  false      # default   time-dependent Kohn-Sham equation propagate
           nv_factor  1          # default   factor to multiply number of virtual orbitals with when automatically decreasing nvirt
           vnucextra  2          # default   load balance parameter for nuclear pot
        loadbalparts  2          # default   ??
            response  false      # default   response function calculation
       response_freq  0.0000e+00 # default   frequency for calculation response function
       response_axis  [1, 1, 1]  # default   response axis
           nonrotate  false      # default   if true do not molcule orient (redundant with no_orient
               rconv  1.0000e-06 # default   Response convergence
              efield  0.0000e+00 # default   eps for finite field
         efield_axis  0          # default   finite field axis                            [0, 1, 2]
              nwfile  none       # default   Base name of nwchem output files (.out and .movecs extensions) to read from
                 ncf  (none,1.0000e+00) # defined   nuclear correlation factor
             hessian  false      # default   compute the hessian matrix
           read_cphf  false      # default   read the converged orbital response for nuclear displacements from file
        restart_cphf  false      # default   read the guess orbital response for nuclear displacements from file
      purify_hessian  false      # default   symmetrize the hessian matrix based on atomic charges

end
              charge  0.0000e+00 # defined   total molecular charge
                  xc  hf         # defined   XC input line
               smear  0.0000e+00 # default   smearing parameter
               econv  1.0000e-04 # defined   energy convergence
               dconv  5.0000e-04 # defined   density convergence
convergence_criteria  [bsh_residual, total_energy] # default   possible values are: bsh_residual, total_energy, each_energy, density
                   k  7          # defined   polynomial order
                   l  5.2268e+01 # derived   user coordinates box size
               deriv  abgv       # default   derivative method                            [abgv, bspline, ble]
           dft_deriv  abgv       # default   derivative method for gga potentials         [abgv, bspline, ble]
             maxrotn  2.5000e-01 # default   step restriction used in autoshift algorithm
             nvalpha  0          # default   number of alpha virtuals to compute
              nvbeta  0          # default   number of beta virtuals to compute
               nopen  0          # default   number of unpaired electrons = nalpha-nbeta
             maxiter  25         # default   maximum number of iterations
                 nio  1          # default   no. of io servers to use
     spin_restricted  true       # default   true if spin restricted
              plotlo  0          # default   range of MOs to print (for both spins if polarized
              plothi  -1         # default   range of MOs to print (for both spins if polarized
            plotdens  false      # default   If true print the density at convergence
            plotcoul  false      # default   If true plot the total coulomb potential at convergence
            localize  boys       # defined   localization method                          [pm, boys, new, canon]
          pointgroup  c1         # derived   use point (sub) group symmetry if not localized[c1, c2, ci, cs, c2v, c2h, d2, d2h]
             restart  false      # default   if true restart from orbitals on disk
           restartao  false      # default   if true restart from orbitals projected into AO basis (STO3G) on disk
          no_compute  false      # default   if true use orbitals on disk, set value to computed
           no_orient  false      # default   if true the molecule coordinates will not be reoriented
                save  true       # default   if true save orbitals to disk
              maxsub  10         # default   size of iterative subspace ... set to 0 or 1 to disable
        orbitalshift  0.0000e+00 # default   scf orbital shift: shift the occ orbitals to lower energies
            npt_plot  101        # default   no. of points to use in each dim for plots
           plot_cell  []         # default   lo hi in each dimension for plotting (default is all space)
             aobasis  6-31g      # derived   AO basis used for initial guess (6-31g or sto-3g)
           core_type  none       # default   core potential type                          [none, mpc]
         derivatives  false      # default   if true calculate nuclear derivatives
              dipole  false      # default   if true calculate dipole moment
      conv_only_dens  false      # default   if true remove bsh_residual from convergence criteria (deprecated)
            psp_calc  false      # default   pseudopotential calculation for all atoms
 print_dipole_matels  false      # default   if true output dipole matrix elements
            pcm_data  none       # default   do a PCM (solvent) calculation
             ac_data  none       # default   do a calculation with asymptotic correction (see ACParameters class in chem/AC.h for details)
             pure_ae  true       # default   pure all electron calculation with no pseudo-atoms
         print_level  3          # default   0: no output; 1: final energy; 2: iterations; 3: timings; 10: debug
              nalpha  2          # derived   number of alpha spin electrons
               nbeta  2          # derived   number of beta  spin electrons
           nmo_alpha  2          # derived   number of alpha spin molecular orbitals
            nmo_beta  2          # derived   number of beta spin molecular orbitals
                  lo  1.4683e-03 # derived   smallest length scale we need to resolve
            protocol  [1.0000e-04, 1.0000e-06] # derived   calculation protocol
                gopt  false      # default   geometry optimizer
                gtol  1.0000e-04 # default   geometry tolerance
               gtest  false      # default   geometry tolerance
                gval  1.0000e-05 # default   value precision
               gprec  1.0000e-04 # default   gradient precision
            gmaxiter  20         # default   optimization maxiter
    ginitial_hessian  false      # default   compute inital hessian for optimization
              algopt  bfgs       # default   algorithm used for optimization              [bfgs, cg]
            tdksprop  false      # default   time-dependent Kohn-Sham equation propagate
           nv_factor  1          # default   factor to multiply number of virtual orbitals with when automatically decreasing nvirt
           vnucextra  2          # default   load balance parameter for nuclear pot
        loadbalparts  2          # default   ??
            response  false      # default   response function calculation
       response_freq  0.0000e+00 # default   frequency for calculation response function
       response_axis  [1, 1, 1]  # default   response axis
           nonrotate  false      # default   if true do not molcule orient (redundant with no_orient
               rconv  1.0000e-06 # default   Response convergence
              efield  0.0000e+00 # default   eps for finite field
         efield_axis  0          # default   finite field axis                            [0, 1, 2]
              nwfile  none       # default   Base name of nwchem output files (.out and .movecs extensions) to read from



 geometry
   eprec 1.0e-06
   units atomic
   Li            0.00000000           0.00000000          -0.75589045
   H             0.00000000           0.00000000           2.26767136
 end

Solving NDIM= 3  with thresh 1.000000e-04     k 7    conv 5.000000e-04 

timer:     Project vnuclear     0.21s     0.21s
constructed nuclear correlation factor of the form
    R   =  1.000000e+00
with eprec  1.000000e-06
which means it's (nearly) a conventional calculation

timer:        reproject ncf     0.67s     0.67s
timer:        guess density     0.28s     0.28s
timer:   guess Coulomb potn     0.29s     0.29s
timer:       guess lda potn     0.05s     0.05s
timer:        guess overlap     0.01s     0.01s
timer:    KEmat reconstruct     0.01s     0.01s
timer:  KEmat differentiate     0.10s     0.10s
timer:       KEmat compress     0.04s     0.04s
timer: KEmat inner products     0.03s     0.03s
timer:     guess Kinet potn     0.18s     0.18s
timer:           guess fock     0.13s     0.13s
timer:      guess eigen sol     0.00s     0.00s
timer: guess orbital groupi     0.00s     0.00s

starting protocol at time      2.7s 
precision steps  1.000000e-04  -->  1.000000e-04
protocol: thresh 1.000000e-04 econv  1.000000e-04 dconv 5.000000e-04

ending protocol at time      2.7s 

Solving NDIM= 3  with thresh 1.000000e-04     k 7    conv 5.000000e-04 

timer:        Boys localize     0.13s     0.13s
orbital irreps []
timer:      reconstruct psi     0.02s     0.02s
timer:        compute Jnemo     0.22s     0.22s
timer:        compute Knemo     0.53s     0.53s
timer: compute Unemo 0.0079     0.03s     0.03s

  nuclear and kinetic     -12.48135463
         kinetic only       8.13536091
              coulomb       5.74622240
             exchange      -2.21225152
    nuclear-repulsion       0.99220727
   regularized energy      -7.95517649
  buggy if hybrid functionals are used..
timer:       compute energy     0.39s     0.39s
Norm of vector changes ab spin case : rms 8.721822e-02    max 1.223415e-01
convergence: bshresidual, energy change, max energy change, density change 1.1e-01 8.0e+00 8.0e+00 9.0e-01
finished iteration  0 at time      4.9s with energy   -7.95517649
timer:        Boys localize     0.15s     0.15s
orbital irreps []
timer:      reconstruct psi     0.02s     0.02s
timer:        compute Jnemo     0.20s     0.20s
timer:        compute Knemo     0.52s     0.52s
timer: compute Unemo 0.0079     0.03s     0.03s

  nuclear and kinetic     -12.45556894
         kinetic only       8.00641377
              coulomb       5.63605218
             exchange      -2.15737032
    nuclear-repulsion       0.99220727
   regularized energy      -7.98467982
  buggy if hybrid functionals are used..
timer:       compute energy     0.42s     0.42s
Norm of vector changes ab spin case : rms 2.372837e-02    max 3.313112e-02
convergence: bshresidual, energy change, max energy change, density change 2.0e-02 3.0e-02 1.3e-01 7.5e-03
finished iteration  1 at time      7.0s with energy   -7.98467982
timer:        Boys localize     0.14s     0.14s
orbital irreps []
timer:      reconstruct psi     0.02s     0.02s
timer:        compute Jnemo     0.20s     0.20s
timer:        compute Knemo     0.57s     0.57s
timer: compute Unemo 0.0078     0.03s     0.03s

  nuclear and kinetic     -12.46018099
         kinetic only       7.99228629
              coulomb       5.62973977
             exchange      -2.14872486
    nuclear-repulsion       0.99220727
   regularized energy      -7.98695882
  buggy if hybrid functionals are used..
timer:       compute energy     0.46s     0.46s
Norm of vector changes ab spin case : rms 9.852680e-03    max 1.381639e-02
convergence: bshresidual, energy change, max energy change, density change 5.7e-03 2.3e-03 1.4e-02 2.5e-03
finished iteration  2 at time      9.3s with energy   -7.98695882
timer:        Boys localize     0.14s     0.14s
orbital irreps []
timer:      reconstruct psi     0.02s     0.02s
timer:        compute Jnemo     0.20s     0.20s
timer:        compute Knemo     0.57s     0.57s
timer: compute Unemo 0.0077     0.03s     0.03s

  nuclear and kinetic     -12.46407847
         kinetic only       7.98951558
              coulomb       5.63095337
             exchange      -2.14626077
    nuclear-repulsion       0.99220727
   regularized energy      -7.98717861
  buggy if hybrid functionals are used..
timer:       compute energy     0.43s     0.43s
Norm of vector changes ab spin case : rms 1.958469e-03    max 2.758021e-03
convergence: bshresidual, energy change, max energy change, density change 1.2e-03 2.2e-04 3.9e-03 1.3e-04
finished iteration  3 at time     11.5s with energy   -7.98717861
timer:        Boys localize     0.15s     0.15s
orbital irreps []
timer:      reconstruct psi     0.02s     0.02s
timer:        compute Jnemo     0.19s     0.19s
timer:        compute Knemo     0.56s     0.56s
timer: compute Unemo 0.0077     0.03s     0.03s

  nuclear and kinetic     -12.46481959
         kinetic only       7.98978559
              coulomb       5.63169956
             exchange      -2.14627091
    nuclear-repulsion       0.99220727
   regularized energy      -7.98718367
  buggy if hybrid functionals are used..
timer:       compute energy     0.44s     0.44s
Norm of vector changes ab spin case : rms 3.493179e-04    max 4.860982e-04
convergence: bshresidual, energy change, max energy change, density change 2.7e-04 5.1e-06 7.5e-04 4.8e-05
finished iteration  4 at time     13.8s with energy   -7.98718367

Iterations converged


ending protocol at time     13.8s 

 Dipole Moment (a.u.)
 -----------

     x:  -1.106788e-14
     y:  2.398822e-14
     z:  -2.365664e+00
 Total Dipole Moment:  2.365664e+00 

timer:               dipole     0.01s     0.01s
Nemo Orbital Energies: [*]  -2.44322676  -0.30375438

nemo energy:  -7.987184e+00
 at time 13.9
PNO Integrals evaluated as:
pnoint
       rank_increase  15         # default   maximum rank to increase in every macroiteration
               chunk  100        # default   chunk of functions operated on in parallel when G or K is applied (prevent memory shortage)
               debug  false      # default   debug mode
              freeze  1          # derived   frozen core approximation
             maxrank  1          # defined   maximal pno rank for all pairs
           guesstype  exop       # derived   the guesstype: exop (recommended, multiply polynomial excitation operators onto the occupied orbitals), empty (don't compute a guess), scf (use the ao basis from the SCF solver), partial_wave (create s,p,d ..., type functions and place on atoms), predefined (same as partial_wave but for predefined sets)
                exop  multipole  # derived   this string defines which excitation operators can be used, use 'dipole', 'dipole+', 'quadrupole', 'ocopole', or 'multipole', need to set guesstype to 'exop' which is the default
          exop_trigo  true       # default   use trigonometric excitation operators ( x --> sin(x)
        partial_wave             # default   atom centered partial wave guess of format like 'h-2s1p-o-3s2p1d', need to set guesstype to 'partial_wave' and adaptive_solver to 'none'
          predefined             # default   predefined partial wave guesses of type pvxz with x=d,t,q,5,6, need to set guesstype to 'predefined' and adaptive_solver to 'none'
           maxiter_t  100        # default   maximal number of iterations in the amplitude solver
       maxiter_micro  10         # default   Maximum of iterations for every cycle in the adaptive solver
       maxiter_macro  10         # default   Maximum of iterations of cycles in the adaptive solver
                tpno  1.0000e-08 # default   PNO cutoff threshold
          tpno_tight  1.0000e-10 # derived   PNO cutoff for the first iteration
    canonicalize_pno  true       # default   canonicalize the pnos before the amplitude solver
              thresh  1.0000e-04 # defined   MRA threshold
         econv_micro  1.0000e-04 # derived   Energy convergence for microiterations (Greens function based optimization) in adaptive solver
         econv_pairs  1.0000e-05 # derived   ENergy convergence for individual pairs in adaptive solver. Converged pairs are frozen automatically
         econv_macro  1.0000e-04 # derived   Energy convergence for macroiterations in adaptive solver, no effect if adaptive_solver is deactivated
               dconv  1.0000e-01 # default   convergence of every PNO in the Green's function solver
           op_thresh  1.0000e-06 # default   MRA operator thresh
             restart  none       # derived   restart pairs of this type, use 'mp2', 'cispd', 'all' or 'none'
          no_compute  none       # default   do not compute the pairs of this type, use 'mp2', 'cispd', 'all' or 'none'
              no_opt  none       # default   do not optimize the pnos of this type, use 'mp2', 'cispd', 'all' or 'none'
            no_guess  none       # derived   guess for this type will be empty, use 'mp2', 'cispd', 'all' or 'none'
     adaptive_solver  all        # default   Use adaptive solver for those pairs, use 'mp2', 'cispd', 'all' or 'none', works only in combination with guesstype 'exop'
                kain  true       # default   use KAIN solver in amplitude solver
       kain_subspace  5          # default   subspace size of the KAIN solver (amplitudes)
                 f12  false      # defined   use explicit correlation
        cispd_number  -1         # default   CIS(D) excitation numbers, to read in correct functions
        cispd_energy  0.0000e+00 # default   CIS energy
        freeze_pairs  none       # default   frozen pairs will not be optimized: Expected format 'a b c d' will freeze pairs ab and cd
freeze_pairs_of_orbital  []         # default    All pairs which originate from this orbital will not be optimized
active_pairs_of_orbital  []         # default    All pairs which originate from this orbital will not be frozen all other pairs will, if this vector is not empty
no_opt_in_first_iteration  false      # default   Do not optimize in the first iteration (then the potentials do not have to be evaluated, use this for large guesses)
            exchange  full       # default   approximate exchange with 'neglect' or xc functional -> same syntax as moldft
           save_pnos  true       # default   Save the OBS-PNOs to a file, before and after orthonormalization.
            diagonal  true       # defined   Compute only diagonal PNOs
              orthog  symmetric  # defined   orthogonalization method for PNO basis, also current default for a potential CABS. options: symmetric, canonical, cholesky, rr_cholesky,
         orthog_cabs  default    # default   orthogonalization method for CABS basis. options: symmetric, canonical, cholesky, rr_cholesky, uses same as orbitals basis if default.
               n_pno  1          # defined   desired size of PNO-basis (orbital space)
         cabs_option  none       # default   type of complementary auxiliary basis to be used. can be none ~ no CABS, gbs ~ Gaussian basis set as CABS, requires input via auxbas_file, pno ~ use superfluous PNOs as CABS, mixed ~ gbs&pno-option
       pno_cabs_size  -1         # default   size of a potential pno-cabs. defaults to -1 ~ all remaining PNOs, if pno-cabs or mixed-cabs
           only_diag  false      # default   use only diagonal elements PNOs
         cherry_pick  []         # default   cherry pick option to choose particular set of PNOs, not just blindly by occupation number. can be useful, if only a restricted number of PNOs can be used, to avoid separating degenerate pairs. can be envoked by passing a vector via [ elem1, elem2, ... ]
               gamma  1.4000e+00 # default   The f12 length scale, here to be used to compute f12-integrals
         cabs_thresh  1.0000e-04 # derived    thresh for cabs part
              auxbas  none       # default   atom centered partial wave guess of format like 'h-2s1p-o-3s2p1d'
         auxbas_file  none       # default   Use external comp. aux. basis in addition to the pnos as auxbasis. Give the filename as parameter. Give the auxbas in turbomole format. Don't use contractions. If a file is specified the auxbas parameter has no effect
   print_pno_overlap  true       # default   Print overlap matrix at certain steps in computation, for debugging purposes.
              n_virt  0          # defined   Compute this number of virtuals and include them in the integral construction, experimental and not robust!.
      hardcore_boson  false      # default   compute only integrals for hardcore boson hamiltonian (restricted to double occupations)

end
F12 Operators initialized right
timer:                    Testing F12 Operators     0.29s     0.29s 
timer:  Initializing (active) Exchange Orbitals     0.22s     0.22s 
Size of active mos and their exchange potentials:
K(acmos)=1.247108e-03 Gbyte
acmos   =9.506643e-04 Gbyte
PNO Parameters
pno
       rank_increase  15         # default   maximum rank to increase in every macroiteration
               chunk  100        # default   chunk of functions operated on in parallel when G or K is applied (prevent memory shortage)
               debug  false      # default   debug mode
              freeze  1          # derived   frozen core approximation
             maxrank  1          # defined   maximal pno rank for all pairs
           guesstype  exop       # derived   the guesstype: exop (recommended, multiply polynomial excitation operators onto the occupied orbitals), empty (don't compute a guess), scf (use the ao basis from the SCF solver), partial_wave (create s,p,d ..., type functions and place on atoms), predefined (same as partial_wave but for predefined sets)
                exop  multipole  # derived   this string defines which excitation operators can be used, use 'dipole', 'dipole+', 'quadrupole', 'ocopole', or 'multipole', need to set guesstype to 'exop' which is the default
          exop_trigo  true       # default   use trigonometric excitation operators ( x --> sin(x)
        partial_wave             # default   atom centered partial wave guess of format like 'h-2s1p-o-3s2p1d', need to set guesstype to 'partial_wave' and adaptive_solver to 'none'
          predefined             # default   predefined partial wave guesses of type pvxz with x=d,t,q,5,6, need to set guesstype to 'predefined' and adaptive_solver to 'none'
           maxiter_t  100        # default   maximal number of iterations in the amplitude solver
       maxiter_micro  10         # default   Maximum of iterations for every cycle in the adaptive solver
       maxiter_macro  10         # default   Maximum of iterations of cycles in the adaptive solver
                tpno  1.0000e-08 # default   PNO cutoff threshold
          tpno_tight  1.0000e-10 # derived   PNO cutoff for the first iteration
    canonicalize_pno  true       # default   canonicalize the pnos before the amplitude solver
              thresh  1.0000e-04 # defined   MRA threshold
         econv_micro  1.0000e-04 # derived   Energy convergence for microiterations (Greens function based optimization) in adaptive solver
         econv_pairs  1.0000e-05 # derived   ENergy convergence for individual pairs in adaptive solver. Converged pairs are frozen automatically
         econv_macro  1.0000e-04 # derived   Energy convergence for macroiterations in adaptive solver, no effect if adaptive_solver is deactivated
               dconv  1.0000e-01 # default   convergence of every PNO in the Green's function solver
           op_thresh  1.0000e-06 # default   MRA operator thresh
             restart  none       # derived   restart pairs of this type, use 'mp2', 'cispd', 'all' or 'none'
          no_compute  none       # default   do not compute the pairs of this type, use 'mp2', 'cispd', 'all' or 'none'
              no_opt  none       # default   do not optimize the pnos of this type, use 'mp2', 'cispd', 'all' or 'none'
            no_guess  none       # derived   guess for this type will be empty, use 'mp2', 'cispd', 'all' or 'none'
     adaptive_solver  all        # default   Use adaptive solver for those pairs, use 'mp2', 'cispd', 'all' or 'none', works only in combination with guesstype 'exop'
                kain  true       # default   use KAIN solver in amplitude solver
       kain_subspace  5          # default   subspace size of the KAIN solver (amplitudes)
                 f12  false      # defined   use explicit correlation
        cispd_number  -1         # default   CIS(D) excitation numbers, to read in correct functions
        cispd_energy  0.0000e+00 # default   CIS energy
        freeze_pairs  none       # default   frozen pairs will not be optimized: Expected format 'a b c d' will freeze pairs ab and cd
freeze_pairs_of_orbital  []         # default    All pairs which originate from this orbital will not be optimized
active_pairs_of_orbital  []         # default    All pairs which originate from this orbital will not be frozen all other pairs will, if this vector is not empty
no_opt_in_first_iteration  false      # default   Do not optimize in the first iteration (then the potentials do not have to be evaluated, use this for large guesses)
            exchange  full       # default   approximate exchange with 'neglect' or xc functional -> same syntax as moldft
           save_pnos  true       # default   Save the OBS-PNOs to a file, before and after orthonormalization.
            diagonal  true       # defined   Compute only diagonal PNOs

end

**********************
Solve PNO-MP2
*********************


**********************
Iterate Pairs
*********************


************************
Adaptive Solver
***********************

Initializing empty Pairs:
no guess was explicitly demanded for mp2

timer:                                     RRCD     0.00s     0.00s 
timer:                             MRA compress     0.00s     0.00s 
timer:                          Transform Pairs     0.00s     0.00s 
timer:          apply Q and orthonormalize PNOs     0.00s     0.00s 
Created Guess:
pair11 with 0 guess functions
guess pair11 size: 0.0000000000e+00 | 0.0000000000e+00 Gbyte (after truncation)
timer:                           truncate guess     0.00s     0.00s 
timer:                         Initialize Pairs     0.00s     0.00s 
Keyword multipole is not known
Guess protocol for adaptively growing ranks is: [dipole+, quadrupole, big_fock_3, big_fock_3, big_fock_3, big_fock_3, big_fock_3, big_fock_3, big_fock_3, big_fock_3]


--------Adaptive Solver Macroiteration 0 from max 10 ----------

Growing ranks with exop=dipole+
Create guess functions by multiplying plane-waves to 1 functions 
Created 4 virtuals for pair11
timer:                                     RRCD     0.01s     0.01s 
timer:                             MRA compress     0.00s     0.00s 
timer:                          Transform Pairs     0.00s     0.00s 
timer:                        grow PNO subspace     0.08s     0.08s 
SolveInternal: Parameters are assigned as
no_compute        = false
no_opt            = false
restart           = false
do_cispd          = false
econv             =1.0000000000e-04
maxrank (min,max) = (1,1)
Solving MP2 doubles
timer:          fock matrix     0.31s     0.31s
Information About All Pairs:
mp2_pair11           number=0 rank=  4 frozen=false
number of pairs=1
average rank   =4 (4.0000000000e+00)
largest rank   =4
PNOPairs Memory Information
Total: 0.0040071011 GB 
PNO  : 0.0040071011 GB 
KPNO : 0.0000000000 GB 
W    : 0.0000000000 GB 

timer:                                 truncate     0.00s     0.00s 
wall time=16.2463359833 chunk=4 allK.size()=4 memory=0.0040071011 GB
timer:                             compute KPNO     0.80s     0.80s 
wall time=16.2598128319 chunk=4 allJ.size()=4 memory=0.0042524338 GB
timer:                             compute JPNO     0.01s     0.01s 
timer:                    compute Fock matrices     0.19s     0.19s 
timer:                             MRA compress     0.00s     0.00s 
timer:                          Transform Pairs     0.01s     0.01s 
timer:                             Canonicalize     0.01s     0.01s 
PNOPairs Memory Information
Total: 0.0076053143 GB 
PNO  : 0.0038435459 GB 
KPNO : 0.0037617683 GB 
W    : 0.0000000000 GB 

timer:                                 truncate     0.00s     0.00s 
timer:                   Fluctuation Potentials     0.61s     0.61s 
timer:                       Fluctuation Matrix     0.02s     0.02s 
PNOPairs Memory Information
Total: 0.0144746304 GB 
PNO  : 0.0038435459 GB 
KPNO : 0.0037617683 GB 
W    : 0.0068693161 GB 

PNOPairs Memory Information
Total: 0.0144746304 GB 
PNO  : 0.0038435459 GB 
KPNO : 0.0037617683 GB 
W    : 0.0068693161 GB 

timer:                                 truncate     0.00s     0.00s 
timer:                             PNO Overlaps     0.01s     0.01s 
t_iter =  0  Hylleraas energy =  0.0000000000  ||R||_F =  0.1094023313  conv =  no
subspace solution [*]   1.00000000

t_iter =  1  Hylleraas energy =  -0.0114325625  ||R||_F =  0.0000000058  conv =  yes
=======================================================

Hylleraas MP2 Energies

=======================================================
    i    j      singlet      triplet        Total
=======================================================
    1    1  -1.14326e-02  0.00000e+00 -1.14326e-02
=======================================================
Hylleraas MP2 Energies (singlet): -1.14326e-02
Hylleraas MP2 Energies (triplet):  0.00000e+00
Hylleraas MP2 Energies (total)  : -1.14326e-02
=======================================================
-------------------------------------------
Total Reg Energy  =-1.14326e-02
Total F12 Energy  = 0.00000e+00
Sum Energies Total=-1.14326e-02
-------------------------------------------
timer:                         Solve Amplitudes     0.00s     0.00s 
No optimization untill now: Compressing pno ranks with tighter threshold
1.00000e-10 instead of 1.00000e-08
pair11: density evals:
 [*]   0.00389637   0.00466710   0.00466710   0.00894332

pair11: # of PNOs reduced from  4  to  1  maxrank= 1
timer:                            compress PNOs     0.00s     0.00s 
timer:                             MRA compress     0.00s     0.00s 
timer:                          Transform Pairs     0.00s     0.00s 
timer:                          PNO Compression     0.01s     0.01s 
Information About All Pairs:
mp2_pair11           number=0 rank=  1 frozen=false
number of pairs=1
average rank   =1 (1.00000e+00)
largest rank   =1
saving vector of functions mp2_pair11
timer:                        save pnos on disc     0.03s     0.03s 
PNOPairs Memory Information
Total: 0.00401 GB 
PNO  : 0.00100 GB 
KPNO : 0.00100 GB 
W    : 0.00200 GB 

timer:                                 truncate     0.00s     0.00s 
timer:      compute densities for G application     0.00s     0.00s 
timer:                Prepare for G application     0.00s     0.00s 
timer:                                    add K     0.00s     0.00s 
size of all Vpsi potentials (without Vnuc and J) 0.00100 GB 
time=17.18941 chunk=1 Vpsi+Vnuc+J=0.00354 GB
time=17.19074 chunk=1 Vpsi+Vnuc+J=0.00354 GB (after truncation)
timer:                           Apply G to all     0.26s     0.26s 
timer:                       apply Q and update     0.00s     0.00s 
mp2_pair11 residual norms:
[0.48570]
mp2_pair11 scaled residual norms:
[0.04593]
timer:                          update all PNOs     0.27s     0.27s 
timer:                                     RRCD     0.01s     0.01s 
timer:                             MRA compress     0.00s     0.00s 
timer:                          Transform Pairs     0.00s     0.00s 
saving vector of functions mp2_pair11
timer:                        save pnos on disc     0.00s     0.00s 


No convergence yet. Energy change = 0.01143

timer:                        Whole Iteration 1     2.00s     2.00s 
Information About All Pairs:
mp2_pair11           number=0 rank=  1 frozen=false
number of pairs=1
average rank   =1 (1.00000)
largest rank   =1
PNOPairs Memory Information
Total: 0.00117 GB 
PNO  : 0.00117 GB 
KPNO : 0.00000 GB 
W    : 0.00000 GB 

timer:                                 truncate     0.00s     0.00s 
wall time=17.68328 chunk=1 allK.size()=1 memory=0.00117 GB
timer:                             compute KPNO     0.24s     0.24s 
wall time=17.68742 chunk=1 allJ.size()=1 memory=0.00125 GB
timer:                             compute JPNO     0.00s     0.00s 
timer:                    compute Fock matrices     0.08s     0.08s 
timer:                             MRA compress     0.00s     0.00s 
timer:                          Transform Pairs     0.00s     0.00s 
timer:                             Canonicalize     0.00s     0.00s 
PNOPairs Memory Information
Total: 0.00233 GB 
PNO  : 0.00117 GB 
KPNO : 0.00117 GB 
W    : 0.00000 GB 

timer:                                 truncate     0.00s     0.00s 
timer:                   Fluctuation Potentials     0.17s     0.17s 
timer:                       Fluctuation Matrix     0.01s     0.01s 
PNOPairs Memory Information
Total: 0.00433 GB 
PNO  : 0.00117 GB 
KPNO : 0.00117 GB 
W    : 0.00200 GB 

PNOPairs Memory Information
Total: 0.00433 GB 
PNO  : 0.00117 GB 
KPNO : 0.00117 GB 
W    : 0.00200 GB 

timer:                                 truncate     0.00s     0.00s 
timer:                             PNO Overlaps     0.01s     0.01s 
t_iter =  0  Hylleraas energy =  0.00000  ||R||_F =  0.10825  conv =  no
subspace solution [*]   1.00000000

t_iter =  1  Hylleraas energy =  -0.00881  ||R||_F =  0.00000  conv =  yes
=======================================================

Hylleraas MP2 Energies

=======================================================
    i    j      singlet      triplet        Total
=======================================================
    1    1  -8.81197e-03  0.00000e+00 -8.81197e-03
=======================================================
Hylleraas MP2 Energies (singlet): -8.81197e-03
Hylleraas MP2 Energies (triplet):  0.00000e+00
Hylleraas MP2 Energies (total)  : -8.81197e-03
=======================================================
-------------------------------------------
Total Reg Energy  =-8.81197e-03
Total F12 Energy  = 0.00000e+00
Sum Energies Total=-8.81197e-03
-------------------------------------------
timer:                         Solve Amplitudes     0.00s     0.00s 
pair11: density evals:
 [*]   0.01325216

timer:                            compress PNOs     0.00s     0.00s 
timer:                             MRA compress     0.00s     0.00s 
timer:                          Transform Pairs     0.00s     0.00s 
timer:                          PNO Compression     0.00s     0.00s 
Information About All Pairs:
mp2_pair11           number=0 rank=  1 frozen=false
number of pairs=1
average rank   =1 (1.00000e+00)
largest rank   =1
saving vector of functions mp2_pair11
timer:                        save pnos on disc     0.00s     0.00s 
PNOPairs Memory Information
Total: 0.00433 GB 
PNO  : 0.00117 GB 
KPNO : 0.00117 GB 
W    : 0.00200 GB 

timer:                                 truncate     0.00s     0.00s 
timer:      compute densities for G application     0.00s     0.00s 
timer:                Prepare for G application     0.00s     0.00s 
timer:                                    add K     0.00s     0.00s 
size of all Vpsi potentials (without Vnuc and J) 0.00117 GB 
time=18.00976 chunk=1 Vpsi+Vnuc+J=0.00370 GB
time=18.01122 chunk=1 Vpsi+Vnuc+J=0.00370 GB (after truncation)
timer:                           Apply G to all     0.25s     0.25s 
timer:                       apply Q and update     0.00s     0.00s 
mp2_pair11 residual norms:
[0.13397]
mp2_pair11 scaled residual norms:
[0.01542]
timer:                          update all PNOs     0.25s     0.25s 
timer:                                     RRCD     0.01s     0.01s 
timer:                             MRA compress     0.00s     0.00s 
timer:                          Transform Pairs     0.00s     0.00s 
saving vector of functions mp2_pair11
timer:                        save pnos on disc     0.00s     0.00s 


No convergence yet. Energy change = 0.00262

timer:                        Whole Iteration 2     0.80s     0.80s 
Information About All Pairs:
mp2_pair11           number=0 rank=  1 frozen=false
number of pairs=1
average rank   =1 (1.00000)
largest rank   =1
PNOPairs Memory Information
Total: 0.00133 GB 
PNO  : 0.00133 GB 
KPNO : 0.00000 GB 
W    : 0.00000 GB 

timer:                                 truncate     0.00s     0.00s 
wall time=18.48851 chunk=1 allK.size()=1 memory=0.00117 GB
timer:                             compute KPNO     0.24s     0.24s 
wall time=18.49325 chunk=1 allJ.size()=1 memory=0.00133 GB
timer:                             compute JPNO     0.00s     0.00s 
timer:                    compute Fock matrices     0.08s     0.08s 
timer:                             MRA compress     0.00s     0.00s 
timer:                          Transform Pairs     0.00s     0.00s 
timer:                             Canonicalize     0.00s     0.00s 
PNOPairs Memory Information
Total: 0.00249 GB 
PNO  : 0.00133 GB 
KPNO : 0.00117 GB 
W    : 0.00000 GB 

timer:                                 truncate     0.00s     0.00s 
timer:                   Fluctuation Potentials     0.19s     0.19s 
timer:                       Fluctuation Matrix     0.01s     0.01s 
PNOPairs Memory Information
Total: 0.00450 GB 
PNO  : 0.00133 GB 
KPNO : 0.00117 GB 
W    : 0.00200 GB 

PNOPairs Memory Information
Total: 0.00450 GB 
PNO  : 0.00133 GB 
KPNO : 0.00117 GB 
W    : 0.00200 GB 

timer:                                 truncate     0.00s     0.00s 
timer:                             PNO Overlaps     0.01s     0.01s 
t_iter =  0  Hylleraas energy =  0.00000  ||R||_F =  0.12094  conv =  no
subspace solution [*]   1.00000000

t_iter =  1  Hylleraas energy =  -0.00950  ||R||_F =  0.00000  conv =  yes
=======================================================

Hylleraas MP2 Energies

=======================================================
    i    j      singlet      triplet        Total
=======================================================
    1    1  -9.49604e-03  0.00000e+00 -9.49604e-03
=======================================================
Hylleraas MP2 Energies (singlet): -9.49604e-03
Hylleraas MP2 Energies (triplet):  0.00000e+00
Hylleraas MP2 Energies (total)  : -9.49604e-03
=======================================================
-------------------------------------------
Total Reg Energy  =-9.49604e-03
Total F12 Energy  = 0.00000e+00
Sum Energies Total=-9.49604e-03
-------------------------------------------
timer:                         Solve Amplitudes     0.00s     0.00s 
pair11: density evals:
 [*]   0.01233053

timer:                            compress PNOs     0.00s     0.00s 
timer:                             MRA compress     0.00s     0.00s 
timer:                          Transform Pairs     0.00s     0.00s 
timer:                          PNO Compression     0.00s     0.00s 
Information About All Pairs:
mp2_pair11           number=0 rank=  1 frozen=false
number of pairs=1
average rank   =1 (1.00000e+00)
largest rank   =1
saving vector of functions mp2_pair11
timer:                        save pnos on disc     0.00s     0.00s 
PNOPairs Memory Information
Total: 0.00450 GB 
PNO  : 0.00133 GB 
KPNO : 0.00117 GB 
W    : 0.00200 GB 

timer:                                 truncate     0.00s     0.00s 
timer:      compute densities for G application     0.00s     0.00s 
timer:                Prepare for G application     0.00s     0.00s 
timer:                                    add K     0.00s     0.00s 
size of all Vpsi potentials (without Vnuc and J) 0.00117 GB 
time=18.86891 chunk=1 Vpsi+Vnuc+J=0.00378 GB
time=18.87037 chunk=1 Vpsi+Vnuc+J=0.00378 GB (after truncation)
timer:                           Apply G to all     0.26s     0.26s 
timer:                       apply Q and update     0.00s     0.00s 
mp2_pair11 residual norms:
[0.05264]
mp2_pair11 scaled residual norms:
[0.00585]
timer:                          update all PNOs     0.26s     0.26s 
timer:                                     RRCD     0.01s     0.01s 
timer:                             MRA compress     0.00s     0.00s 
timer:                          Transform Pairs     0.00s     0.00s 
saving vector of functions mp2_pair11
timer:                        save pnos on disc     0.00s     0.00s 


No convergence yet. Energy change = 0.00068

timer:                        Whole Iteration 3     0.87s     0.87s 
Information About All Pairs:
mp2_pair11           number=0 rank=  1 frozen=false
number of pairs=1
average rank   =1 (1.00000)
largest rank   =1
PNOPairs Memory Information
Total: 0.00133 GB 
PNO  : 0.00133 GB 
KPNO : 0.00000 GB 
W    : 0.00000 GB 

timer:                                 truncate     0.00s     0.00s 
wall time=19.34913 chunk=1 allK.size()=1 memory=0.00117 GB
timer:                             compute KPNO     0.24s     0.24s 
wall time=19.35375 chunk=1 allJ.size()=1 memory=0.00133 GB
timer:                             compute JPNO     0.00s     0.00s 
timer:                    compute Fock matrices     0.09s     0.09s 
timer:                             MRA compress     0.00s     0.00s 
timer:                          Transform Pairs     0.00s     0.00s 
timer:                             Canonicalize     0.00s     0.00s 
PNOPairs Memory Information
Total: 0.00249 GB 
PNO  : 0.00133 GB 
KPNO : 0.00117 GB 
W    : 0.00000 GB 

timer:                                 truncate     0.00s     0.00s 
timer:                   Fluctuation Potentials     0.18s     0.18s 
timer:                       Fluctuation Matrix     0.01s     0.01s 
PNOPairs Memory Information
Total: 0.00450 GB 
PNO  : 0.00133 GB 
KPNO : 0.00117 GB 
W    : 0.00200 GB 

PNOPairs Memory Information
Total: 0.00450 GB 
PNO  : 0.00133 GB 
KPNO : 0.00117 GB 
W    : 0.00200 GB 

timer:                                 truncate     0.00s     0.00s 
timer:                             PNO Overlaps     0.01s     0.01s 
t_iter =  0  Hylleraas energy =  0.00000  ||R||_F =  0.12538  conv =  no
subspace solution [*]   1.00000000

t_iter =  1  Hylleraas energy =  -0.00961  ||R||_F =  0.00000  conv =  yes
=======================================================

Hylleraas MP2 Energies

=======================================================
    i    j      singlet      triplet        Total
=======================================================
    1    1  -9.60642e-03  0.00000e+00 -9.60642e-03
=======================================================
Hylleraas MP2 Energies (singlet): -9.60642e-03
Hylleraas MP2 Energies (triplet):  0.00000e+00
Hylleraas MP2 Energies (total)  : -9.60642e-03
=======================================================
-------------------------------------------
Total Reg Energy  =-9.60642e-03
Total F12 Energy  = 0.00000e+00
Sum Energies Total=-9.60642e-03
-------------------------------------------
timer:                         Solve Amplitudes     0.00s     0.00s 
pair11: density evals:
 [*]   0.01174086

timer:                            compress PNOs     0.00s     0.00s 
timer:                             MRA compress     0.00s     0.00s 
timer:                          Transform Pairs     0.00s     0.00s 
timer:                          PNO Compression     0.00s     0.00s 
Information About All Pairs:
mp2_pair11           number=0 rank=  1 frozen=false
number of pairs=1
average rank   =1 (1.00000e+00)
largest rank   =1
saving vector of functions mp2_pair11
timer:                        save pnos on disc     0.00s     0.00s 
PNOPairs Memory Information
Total: 0.00450 GB 
PNO  : 0.00133 GB 
KPNO : 0.00117 GB 
W    : 0.00200 GB 

timer:                                 truncate     0.00s     0.00s 
timer:      compute densities for G application     0.00s     0.00s 
timer:                Prepare for G application     0.00s     0.00s 
timer:                                    add K     0.00s     0.00s 
size of all Vpsi potentials (without Vnuc and J) 0.00117 GB 
time=19.69556 chunk=1 Vpsi+Vnuc+J=0.00378 GB
time=19.69724 chunk=1 Vpsi+Vnuc+J=0.00378 GB (after truncation)
timer:                           Apply G to all     0.27s     0.27s 
timer:                       apply Q and update     0.00s     0.00s 
mp2_pair11 residual norms:
[0.02169]
mp2_pair11 scaled residual norms:
[0.00235]
timer:                          update all PNOs     0.27s     0.27s 
timer:                                     RRCD     0.01s     0.01s 
timer:                             MRA compress     0.00s     0.00s 
timer:                          Transform Pairs     0.00s     0.00s 
saving vector of functions mp2_pair11
timer:                        save pnos on disc     0.00s     0.00s 


No convergence yet. Energy change = 0.00011

timer:                        Whole Iteration 4     0.84s     0.84s 
Information About All Pairs:
mp2_pair11           number=0 rank=  1 frozen=false
number of pairs=1
average rank   =1 (1.00000)
largest rank   =1
PNOPairs Memory Information
Total: 0.00133 GB 
PNO  : 0.00133 GB 
KPNO : 0.00000 GB 
W    : 0.00000 GB 

timer:                                 truncate     0.00s     0.00s 
wall time=20.19038 chunk=1 allK.size()=1 memory=0.00117 GB
timer:                             compute KPNO     0.24s     0.24s 
wall time=20.19496 chunk=1 allJ.size()=1 memory=0.00133 GB
timer:                             compute JPNO     0.00s     0.00s 
timer:                    compute Fock matrices     0.08s     0.08s 
timer:                             MRA compress     0.00s     0.00s 
timer:                          Transform Pairs     0.00s     0.00s 
timer:                             Canonicalize     0.00s     0.00s 
PNOPairs Memory Information
Total: 0.00249 GB 
PNO  : 0.00133 GB 
KPNO : 0.00117 GB 
W    : 0.00000 GB 

timer:                                 truncate     0.00s     0.00s 
timer:                   Fluctuation Potentials     0.19s     0.19s 
timer:                       Fluctuation Matrix     0.01s     0.01s 
PNOPairs Memory Information
Total: 0.00450 GB 
PNO  : 0.00133 GB 
KPNO : 0.00117 GB 
W    : 0.00200 GB 

PNOPairs Memory Information
Total: 0.00450 GB 
PNO  : 0.00133 GB 
KPNO : 0.00117 GB 
W    : 0.00200 GB 

timer:                                 truncate     0.00s     0.00s 
timer:                             PNO Overlaps     0.01s     0.01s 
t_iter =  0  Hylleraas energy =  0.00000  ||R||_F =  0.12709  conv =  no
subspace solution [*]   1.00000000

t_iter =  1  Hylleraas energy =  -0.00962  ||R||_F =  0.00000  conv =  yes
=======================================================

Hylleraas MP2 Energies

=======================================================
    i    j      singlet      triplet        Total
=======================================================
    1    1  -9.62442e-03  0.00000e+00 -9.62442e-03
=======================================================
Hylleraas MP2 Energies (singlet): -9.62442e-03
Hylleraas MP2 Energies (triplet):  0.00000e+00
Hylleraas MP2 Energies (total)  : -9.62442e-03
=======================================================
-------------------------------------------
Total Reg Energy  =-9.62442e-03
Total F12 Energy  = 0.00000e+00
Sum Energies Total=-9.62442e-03
-------------------------------------------
timer:                         Solve Amplitudes     0.00s     0.00s 
pair11: density evals:
 [*]   0.01147030

timer:                            compress PNOs     0.00s     0.00s 
timer:                             MRA compress     0.00s     0.00s 
timer:                          Transform Pairs     0.00s     0.00s 
timer:                          PNO Compression     0.00s     0.00s 
Information About All Pairs:
mp2_pair11           number=0 rank=  1 frozen=false
number of pairs=1
average rank   =1 (1.00000e+00)
largest rank   =1
saving vector of functions mp2_pair11
timer:                        save pnos on disc     0.00s     0.00s 
PNOPairs Memory Information
Total: 0.00450 GB 
PNO  : 0.00133 GB 
KPNO : 0.00117 GB 
W    : 0.00200 GB 

timer:                                 truncate     0.00s     0.00s 
timer:      compute densities for G application     0.00s     0.00s 
timer:                Prepare for G application     0.00s     0.00s 
timer:                                    add K     0.00s     0.00s 
size of all Vpsi potentials (without Vnuc and J) 0.00117 GB 
time=20.54065 chunk=1 Vpsi+Vnuc+J=0.00386 GB
time=20.54219 chunk=1 Vpsi+Vnuc+J=0.00386 GB (after truncation)
timer:                           Apply G to all     0.27s     0.27s 
timer:                       apply Q and update     0.00s     0.00s 
mp2_pair11 residual norms:
[0.00911]
mp2_pair11 scaled residual norms:
[0.00098]
timer:                          update all PNOs     0.28s     0.28s 
timer:                                     RRCD     0.01s     0.01s 
timer:                             MRA compress     0.00s     0.00s 
timer:                          Transform Pairs     0.00s     0.00s 
saving vector of functions mp2_pair11
timer:                        save pnos on disc     0.00s     0.00s 


CONVERGED!
energy change = 0.00002

re-entering loop to compute the correct amplitudes and energies
timer:                        Whole Iteration 5     0.85s     0.85s 
Information About All Pairs:
mp2_pair11           number=0 rank=  1 frozen=false
number of pairs=1
average rank   =1 (1.00000)
largest rank   =1
PNOPairs Memory Information
Total: 0.00133 GB 
PNO  : 0.00133 GB 
KPNO : 0.00000 GB 
W    : 0.00000 GB 

timer:                                 truncate     0.00s     0.00s 
wall time=21.04162 chunk=1 allK.size()=1 memory=0.00117 GB
timer:                             compute KPNO     0.24s     0.24s 
wall time=21.04629 chunk=1 allJ.size()=1 memory=0.00133 GB
timer:                             compute JPNO     0.00s     0.00s 
timer:                    compute Fock matrices     0.09s     0.09s 
timer:                             MRA compress     0.00s     0.00s 
timer:                          Transform Pairs     0.00s     0.00s 
timer:                             Canonicalize     0.00s     0.00s 
PNOPairs Memory Information
Total: 0.00249 GB 
PNO  : 0.00133 GB 
KPNO : 0.00117 GB 
W    : 0.00000 GB 

timer:                                 truncate     0.00s     0.00s 
timer:                   Fluctuation Potentials     0.19s     0.19s 
timer:                       Fluctuation Matrix     0.01s     0.01s 
PNOPairs Memory Information
Total: 0.00450 GB 
PNO  : 0.00133 GB 
KPNO : 0.00117 GB 
W    : 0.00200 GB 

PNOPairs Memory Information
Total: 0.00450 GB 
PNO  : 0.00133 GB 
KPNO : 0.00117 GB 
W    : 0.00200 GB 

timer:                                 truncate     0.00s     0.00s 
timer:                             PNO Overlaps     0.01s     0.01s 
t_iter =  0  Hylleraas energy =  0.00000  ||R||_F =  0.12778  conv =  no
subspace solution [*]   1.00000000

t_iter =  1  Hylleraas energy =  -0.00963  ||R||_F =  0.00000  conv =  yes
=======================================================

Hylleraas MP2 Energies

=======================================================
    i    j      singlet      triplet        Total
=======================================================
    1    1  -9.62714e-03  0.00000e+00 -9.62714e-03
=======================================================
Hylleraas MP2 Energies (singlet): -9.62714e-03
Hylleraas MP2 Energies (triplet):  0.00000e+00
Hylleraas MP2 Energies (total)  : -9.62714e-03
=======================================================
-------------------------------------------
Total Reg Energy  =-9.62714e-03
Total F12 Energy  = 0.00000e+00
Sum Energies Total=-9.62714e-03
-------------------------------------------
timer:                         Solve Amplitudes     0.00s     0.00s 
pair11: density evals:
 [*]   0.01135328

timer:                            compress PNOs     0.00s     0.00s 
timer:                             MRA compress     0.00s     0.00s 
timer:                          Transform Pairs     0.00s     0.00s 
timer:                          PNO Compression     0.00s     0.00s 
Information About All Pairs:
mp2_pair11           number=0 rank=  1 frozen=false
number of pairs=1
average rank   =1 (1.00000e+00)
largest rank   =1
saving vector of functions mp2_pair11
timer:                        save pnos on disc     0.00s     0.00s 
exiting: Iterations converged
PNO ranks:
PNO Rank for pair pair11 = 1
average rank 1.00000e+00
timer:                               PNO::solve     6.24s     6.24s 

--------------------------------
ITERATE-PAIRS-INTERNAL-ENDED
--------------------------------



Adaptive Sovler:
 Current Energy=-9.6271447239e-03
 DeltaE        =-9.6271447239e-03
 max dE (pair) =-9.6271447239e-03 (0)
 all_pairs_conv=false




not converged yet

Maximum Rank of1 reached, no need to iterate further=======================================================

Final MP2 Energies

=======================================================
    i    j      singlet      triplet        Total
=======================================================
    1    1  -9.62714e-03  0.00000e+00 -9.62714e-03
=======================================================
Final MP2 Energies (singlet): -9.62714e-03
Final MP2 Energies (triplet):  0.00000e+00
Final MP2 Energies (total)  : -9.62714e-03
=======================================================
-------------------------------------------
Total Reg Energy  =-9.62714e-03
Total F12 Energy  = 0.00000e+00
Sum Energies Total=-9.62714e-03
-------------------------------------------
Average | Max Rank: 1 | 1



--------------------------------------------------
MRA-PNO-MP2-F12 ended 
--------------------------------------------------
                 time scf = 1.35629e+01
               energy scf = -7.98718e+00
--------------------------------------------------
restarting PNO to reload pairs that converged before and were frozen
PNO Parameters
pno
       rank_increase  15         # default   maximum rank to increase in every macroiteration
               chunk  100        # default   chunk of functions operated on in parallel when G or K is applied (prevent memory shortage)
               debug  false      # default   debug mode
              freeze  1          # derived   frozen core approximation
             maxrank  1          # defined   maximal pno rank for all pairs
           guesstype  exop       # derived   the guesstype: exop (recommended, multiply polynomial excitation operators onto the occupied orbitals), empty (don't compute a guess), scf (use the ao basis from the SCF solver), partial_wave (create s,p,d ..., type functions and place on atoms), predefined (same as partial_wave but for predefined sets)
                exop  multipole  # derived   this string defines which excitation operators can be used, use 'dipole', 'dipole+', 'quadrupole', 'ocopole', or 'multipole', need to set guesstype to 'exop' which is the default
          exop_trigo  true       # default   use trigonometric excitation operators ( x --> sin(x)
        partial_wave             # default   atom centered partial wave guess of format like 'h-2s1p-o-3s2p1d', need to set guesstype to 'partial_wave' and adaptive_solver to 'none'
          predefined             # default   predefined partial wave guesses of type pvxz with x=d,t,q,5,6, need to set guesstype to 'predefined' and adaptive_solver to 'none'
           maxiter_t  100        # default   maximal number of iterations in the amplitude solver
       maxiter_micro  10         # default   Maximum of iterations for every cycle in the adaptive solver
       maxiter_macro  10         # default   Maximum of iterations of cycles in the adaptive solver
                tpno  1.0000e-08 # default   PNO cutoff threshold
          tpno_tight  1.0000e-10 # derived   PNO cutoff for the first iteration
    canonicalize_pno  true       # default   canonicalize the pnos before the amplitude solver
              thresh  1.0000e-04 # defined   MRA threshold
         econv_micro  1.0000e-04 # derived   Energy convergence for microiterations (Greens function based optimization) in adaptive solver
         econv_pairs  1.0000e-05 # derived   ENergy convergence for individual pairs in adaptive solver. Converged pairs are frozen automatically
         econv_macro  1.0000e-04 # derived   Energy convergence for macroiterations in adaptive solver, no effect if adaptive_solver is deactivated
               dconv  1.0000e-01 # default   convergence of every PNO in the Green's function solver
           op_thresh  1.0000e-06 # default   MRA operator thresh
             restart  all        # defined   restart pairs of this type, use 'mp2', 'cispd', 'all' or 'none'
          no_compute  none       # default   do not compute the pairs of this type, use 'mp2', 'cispd', 'all' or 'none'
              no_opt  all        # defined   do not optimize the pnos of this type, use 'mp2', 'cispd', 'all' or 'none'
            no_guess  all        # defined   guess for this type will be empty, use 'mp2', 'cispd', 'all' or 'none'
     adaptive_solver  none       # defined   Use adaptive solver for those pairs, use 'mp2', 'cispd', 'all' or 'none', works only in combination with guesstype 'exop'
                kain  true       # default   use KAIN solver in amplitude solver
       kain_subspace  5          # default   subspace size of the KAIN solver (amplitudes)
                 f12  false      # defined   use explicit correlation
        cispd_number  -1         # default   CIS(D) excitation numbers, to read in correct functions
        cispd_energy  0.0000e+00 # default   CIS energy
        freeze_pairs  none       # default   frozen pairs will not be optimized: Expected format 'a b c d' will freeze pairs ab and cd
freeze_pairs_of_orbital  []         # default    All pairs which originate from this orbital will not be optimized
active_pairs_of_orbital  []         # default    All pairs which originate from this orbital will not be frozen all other pairs will, if this vector is not empty
no_opt_in_first_iteration  false      # default   Do not optimize in the first iteration (then the potentials do not have to be evaluated, use this for large guesses)
            exchange  full       # default   approximate exchange with 'neglect' or xc functional -> same syntax as moldft
           save_pnos  true       # default   Save the OBS-PNOs to a file, before and after orthonormalization.
            diagonal  true       # defined   Compute only diagonal PNOs

end

**********************
Solve PNO-MP2
*********************


**********************
Iterate Pairs
*********************


************************
Standard Solver
***********************

Initializing Pairs:
Restart demanded for mp2 pairs
loading vector of functions mp2_pair11
Found PNOs for mp2_pair11 with rank 1
no guess was explicitly demanded for mp2

timer:                                     RRCD     0.01s     0.01s 
timer:                             MRA compress     0.00s     0.00s 
timer:                          Transform Pairs     0.00s     0.00s 
timer:          apply Q and orthonormalize PNOs     0.02s     0.02s 
Created Guess:
pair11 with 1 guess functions
guess pair11 size: 1.3288855553e-03 | 1.3288855553e-03 Gbyte (after truncation)
timer:                           truncate guess     0.00s     0.00s 
timer:                         Initialize Pairs     0.02s     0.02s 
Information About All Pairs:
mp2_pair11           number=0 rank=  1 frozen=false
number of pairs=1
average rank   =1 (1.0000000000e+00)
largest rank   =1
SolveInternal: Parameters are assigned as
no_compute        = false
no_opt            = true
restart           = true
do_cispd          = false
econv             =1.0000000000e-04
maxrank (min,max) = (1,1)
Solving MP2 doubles
timer:          fock matrix     0.31s     0.31s
Information About All Pairs:
mp2_pair11           number=0 rank=  1 frozen=false
number of pairs=1
average rank   =1 (1.0000000000e+00)
largest rank   =1
PNOPairs Memory Information
Total: 0.0013288856 GB 
PNO  : 0.0013288856 GB 
KPNO : 0.0000000000 GB 
W    : 0.0000000000 GB 

timer:                                 truncate     0.00s     0.00s 
wall time=21.9256739616 chunk=1 allK.size()=1 memory=0.0011653304 GB
timer:                             compute KPNO     0.24s     0.24s 
wall time=21.9302589893 chunk=1 allJ.size()=1 memory=0.0013288856 GB
timer:                             compute JPNO     0.00s     0.00s 
timer:                    compute Fock matrices     0.08s     0.08s 
timer:                             MRA compress     0.00s     0.00s 
timer:                          Transform Pairs     0.00s     0.00s 
timer:                             Canonicalize     0.00s     0.00s 
PNOPairs Memory Information
Total: 0.0024942160 GB 
PNO  : 0.0013288856 GB 
KPNO : 0.0011653304 GB 
W    : 0.0000000000 GB 

timer:                                 truncate     0.00s     0.00s 
timer:                   Fluctuation Potentials     0.18s     0.18s 
timer:                       Fluctuation Matrix     0.01s     0.01s 
PNOPairs Memory Information
Total: 0.0044977665 GB 
PNO  : 0.0013288856 GB 
KPNO : 0.0011653304 GB 
W    : 0.0020035505 GB 

PNOPairs Memory Information
Total: 0.0044977665 GB 
PNO  : 0.0013288856 GB 
KPNO : 0.0011653304 GB 
W    : 0.0020035505 GB 

timer:                                 truncate     0.00s     0.00s 
timer:                             PNO Overlaps     0.01s     0.01s 
t_iter =  0  Hylleraas energy =  0.0000000000  ||R||_F =  0.1277820013  conv =  no
subspace solution [*]   1.00000000

t_iter =  1  Hylleraas energy =  -0.0096279527  ||R||_F =  0.0000000000  conv =  yes
=======================================================

Hylleraas MP2 Energies

=======================================================
    i    j      singlet      triplet        Total
=======================================================
    1    1  -9.62795e-03  0.00000e+00 -9.62795e-03
=======================================================
Hylleraas MP2 Energies (singlet): -9.62795e-03
Hylleraas MP2 Energies (triplet):  0.00000e+00
Hylleraas MP2 Energies (total)  : -9.62795e-03
=======================================================
-------------------------------------------
Total Reg Energy  =-9.62795e-03
Total F12 Energy  = 0.00000e+00
Sum Energies Total=-9.62795e-03
-------------------------------------------
timer:                         Solve Amplitudes     0.00s     0.00s 
No optimization untill now: Compressing pno ranks with tighter threshold
1.00000e-10 instead of 1.00000e-08
pair11: density evals:
 [*]   0.01135425

timer:                            compress PNOs     0.00s     0.00s 
timer:                             MRA compress     0.00s     0.00s 
timer:                          Transform Pairs     0.00s     0.00s 
timer:                          PNO Compression     0.00s     0.00s 
Information About All Pairs:
mp2_pair11           number=0 rank=  1 frozen=false
number of pairs=1
average rank   =1 (1.00000e+00)
largest rank   =1
saving vector of functions mp2_pair11
timer:                        save pnos on disc     0.00s     0.00s 
exiting: Found no_opt keyword
PNO ranks:
PNO Rank for pair pair11 = 1
average rank 1.00000e+00
timer:                               PNO::solve     0.86s     0.86s 

--------------------------------
ITERATE-PAIRS-INTERNAL-ENDED
--------------------------------
=======================================================

Final MP2 Energies

=======================================================
    i    j      singlet      triplet        Total
=======================================================
    1    1  -9.62795e-03  0.00000e+00 -9.62795e-03
=======================================================
Final MP2 Energies (singlet): -9.62795e-03
Final MP2 Energies (triplet):  0.00000e+00
Final MP2 Energies (total)  : -9.62795e-03
=======================================================
-------------------------------------------
Total Reg Energy  =-9.62795e-03
Total F12 Energy  = 0.00000e+00
Sum Energies Total=-9.62795e-03
-------------------------------------------
Average | Max Rank: 1 | 1
                 time pno = 7.47964e+00
               energy mp2 = -9.62795e-03
     average pno rank mp2 = 1
         max pno rank mp2 = 1
--------------------------------------------------
            energy(total) = -7.99681e+00
--------------------------------------------------



Orthonormalization technique used: symmetric
No CABS used.
Tightening thresholds to +0.00010000 for post-processing
Overlap Matrix of all PNOs:
+1.00000392 
Before cherry pick
rank is +0
all used occupation numbers:
[+0.01135425 ]
corresponding to active pairs:
[(0,0) ]
After cherry pick
all used occupation numbers:
[+0.01135425 ]
corresponding to active pairs:
[(0,0) ]
Overlap Matrix before symmetric
[+0,*]  +1.00000392
Overlap Matrix after symmetric
[+0,*]  +1.00000000
Adding 2 HF orbitals
Size before adding CABS: 3.
Size after adding CABS: 3.
Compute G and F Tensor:
Assemble g,f using symmetries...
non zero elements:
 g : +154
 h : +9
Overlap over whole basis
[+0,*]  +1.00000000  -0.00000015  -0.00002177
[+1,*]  -0.00000015  +1.00000000  -0.00000393
[+2,*]  -0.00002177  -0.00000393  +1.00000000

||S-1||=+0.00003129
finished at time 25.0

    Parallel environment
    --------------------
                  #nodes    1
       #threads per node    7+main = 8
          #total threads    8

  RMI message statistics (min / avg / max)
  ----------------------
   #messages in server q    0.00e+00 / 0.00e+00 / 0.00e+00
 #messages sent per node    0.00e+00 / 0.00e+00 / 0.00e+00
    #bytes sent per node    0.00e+00 / 0.00e+00 / 0.00e+00
 #messages recv per node    0.00e+00 / 0.00e+00 / 0.00e+00
    #bytes recv per node    0.00e+00 / 0.00e+00 / 0.00e+00
        #msgs systemwide    0.00e+00
       #bytes systemwide    0.00e+00

  Thread pool statistics (min / avg / max)
  ----------------------
         #tasks per node    4.47e+06 / 4.47e+06 / 4.47e+06
     #max q len per node    7.45e+03 / 7.45e+03 / 7.45e+03
  #hi-pri tasks per node    1.40e+06 / 1.40e+06 / 1.40e+06

         Total wall time    24.9s
         Total  cpu time    24.9s

